2018/10/02 18:04:07 Pool queueing new txn with hash: 30831fe37157b5d3bd58dca962ae7937dd2bbf415a5bd16b9b61d88513dce5ba @ File: tx_pool.go  Function: github.com/ethereum/go-ethereum/core.(*TxPool).add Line: 648

2018/10/02 18:04:07 Pool beginning standard validation using local heuristics @ File: tx_pool.go  Function: github.com/ethereum/go-ethereum/core.(*TxPool).validateTx Line: 581

2018/10/02 18:04:07 Txn passed size limit of 32KB

2018/10/02 18:04:07 Txn passed non-negative check

2018/10/02 18:04:07 Txn signed properly

2018/10/02 18:04:07 Txn gas price of 1 is above our pool's acceptable gas price of 1

2018/10/02 18:04:07 Pool queueing new txn with hash: 4976cadb686425d7e5a345d7bc3d21d370f21b776c60688ac60d06b62383ec85 @ File: tx_pool.go  Function: github.com/ethereum/go-ethereum/core.(*TxPool).add Line: 648

2018/10/02 18:04:07 Pool beginning standard validation using local heuristics @ File: tx_pool.go  Function: github.com/ethereum/go-ethereum/core.(*TxPool).validateTx Line: 581

2018/10/02 18:04:07 Txn passed size limit of 32KB

2018/10/02 18:04:07 Txn passed non-negative check

2018/10/02 18:04:07 Txn signed properly

2018/10/02 18:04:07 Txn gas price of 1 is above our pool's acceptable gas price of 1

2018/10/02 18:04:07 Worker found (0) pending txns from pool: File: worker.go  Function: github.com/ethereum/go-ethereum/miner.(*worker).commitNewWork Line: 935 @ %!s(MISSING)

2018/10/02 18:04:09 Worker found (0) pending txns from pool: File: worker.go  Function: github.com/ethereum/go-ethereum/miner.(*worker).commitNewWork Line: 935 @ %!s(MISSING)

2018/10/02 18:04:56 Worker found (0) pending txns from pool: File: worker.go  Function: github.com/ethereum/go-ethereum/miner.(*worker).commitNewWork Line: 935 @ %!s(MISSING)

2018/10/02 18:04:57 Worker found (0) pending txns from pool: File: worker.go  Function: github.com/ethereum/go-ethereum/miner.(*worker).commitNewWork Line: 935 @ %!s(MISSING)

2018/10/02 18:04:59 Worker found (0) pending txns from pool: File: worker.go  Function: github.com/ethereum/go-ethereum/miner.(*worker).commitNewWork Line: 935 @ %!s(MISSING)

2018/10/02 18:04:59 Worker found (0) pending txns from pool: File: worker.go  Function: github.com/ethereum/go-ethereum/miner.(*worker).commitNewWork Line: 935 @ %!s(MISSING)

2018/10/02 18:05:00 Worker found (0) pending txns from pool: File: worker.go  Function: github.com/ethereum/go-ethereum/miner.(*worker).commitNewWork Line: 935 @ %!s(MISSING)

2018/10/02 18:05:09 Worker found (0) pending txns from pool: File: worker.go  Function: github.com/ethereum/go-ethereum/miner.(*worker).commitNewWork Line: 935 @ %!s(MISSING)

2018/10/02 18:05:09 Worker found (0) pending txns from pool: File: worker.go  Function: github.com/ethereum/go-ethereum/miner.(*worker).commitNewWork Line: 935 @ %!s(MISSING)

2018/10/02 18:05:09 Worker found (0) pending txns from pool: File: worker.go  Function: github.com/ethereum/go-ethereum/miner.(*worker).commitNewWork Line: 935 @ %!s(MISSING)

2018/10/02 18:05:09 Worker found (0) pending txns from pool: File: worker.go  Function: github.com/ethereum/go-ethereum/miner.(*worker).commitNewWork Line: 935 @ %!s(MISSING)

2018/10/02 18:05:10 Pool queueing new txn with hash: efc7189830f01a5e4969f1ecd0950250d900cc51a1d496d8efcaec8c13241a70 @ File: tx_pool.go  Function: github.com/ethereum/go-ethereum/core.(*TxPool).add Line: 648

2018/10/02 18:05:10 Pool beginning standard validation using local heuristics @ File: tx_pool.go  Function: github.com/ethereum/go-ethereum/core.(*TxPool).validateTx Line: 581

2018/10/02 18:05:10 Txn passed size limit of 32KB

2018/10/02 18:05:10 Txn passed non-negative check

2018/10/02 18:05:10 Txn signed properly

2018/10/02 18:05:10 Txn gas price of 1 is above our pool's acceptable gas price of 1

2018/10/02 18:05:10 Txn correctly ordered by nonce

2018/10/02 18:05:10 Sender has sufficient balance (904625697166532776746648320380374280103671755200316906558262375061821052312) to cover txn cost of 3000000000000090000

2018/10/02 18:05:10 Txn gas used (90000) is under max intrinsic gas threshold of 21000

2018/10/02 18:05:10 New txn passed all basic standard validation heuristics @ File: tx_pool.go  Function: github.com/ethereum/go-ethereum/core.(*TxPool).add Line: 654

2018/10/02 18:05:10 Pool dropping old queued txns

2018/10/02 18:05:10 Pool dropping unpayabe txns (low balance/no gas)

2018/10/02 18:05:10 Pool promoting txns ready for execution

2018/10/02 18:05:10 Pool promoting queued txn with hash: efc7189830f01a5e4969f1ecd0950250d900cc51a1d496d8efcaec8c13241a70

2018/10/02 18:05:10 Pool queueing new txn with hash: efc7189830f01a5e4969f1ecd0950250d900cc51a1d496d8efcaec8c13241a70 @ File: tx_pool.go  Function: github.com/ethereum/go-ethereum/core.(*TxPool).add Line: 648

2018/10/02 18:05:10 Pool beginning standard validation using local heuristics @ File: tx_pool.go  Function: github.com/ethereum/go-ethereum/core.(*TxPool).validateTx Line: 581

2018/10/02 18:05:10 Txn passed size limit of 32KB

2018/10/02 18:05:10 Txn passed non-negative check

2018/10/02 18:05:10 Txn signed properly

2018/10/02 18:05:10 Txn gas price of 1 is above our pool's acceptable gas price of 1

2018/10/02 18:05:10 Txn correctly ordered by nonce

2018/10/02 18:05:10 Sender has sufficient balance (904625697166532776746648320380374280103671755200316906558262375061821052312) to cover txn cost of 3000000000000090000

2018/10/02 18:05:10 Txn gas used (90000) is under max intrinsic gas threshold of 21000

2018/10/02 18:05:10 New txn passed all basic standard validation heuristics @ File: tx_pool.go  Function: github.com/ethereum/go-ethereum/core.(*TxPool).add Line: 654

2018/10/02 18:05:10 Pool dropping old queued txns

2018/10/02 18:05:10 Pool dropping unpayabe txns (low balance/no gas)

2018/10/02 18:05:10 Pool promoting txns ready for execution

2018/10/02 18:05:10 Pool promoting queued txn with hash: efc7189830f01a5e4969f1ecd0950250d900cc51a1d496d8efcaec8c13241a70

2018/10/02 18:05:12 Worker found (1) pending txns from pool: File: worker.go  Function: github.com/ethereum/go-ethereum/miner.(*worker).commitNewWork Line: 935 @ %!s(MISSING)

2018/10/02 18:05:12 Worker found (1) pending txns from pool: File: worker.go  Function: github.com/ethereum/go-ethereum/miner.(*worker).commitNewWork Line: 935 @ %!s(MISSING)

2018/10/02 18:05:12 Worker found (1) local transactions: File: worker.go  Function: github.com/ethereum/go-ethereum/miner.(*worker).commitNewWork Line: 955 @ %!s(MISSING)

2018/10/02 18:05:12 Worker found (1) remote transactions: File: worker.go  Function: github.com/ethereum/go-ethereum/miner.(*worker).commitNewWork Line: 964 @ %!s(MISSING)

2018/10/02 18:05:12 Worker sorted local txns by price and nonce: &{map[[219 151 223 8 193 135 251 156 127 70 179 75 0 32 14 170 149 227 33 195]:[]] [0xc421039560] {0xc4201da2a0 0xc420f74c00}} @ File: worker.go  Function: github.com/ethereum/go-ethereum/miner.(*worker).commitNewWork Line: 957

2018/10/02 18:05:12 Worker sorted remote txns by price and nonce: &{map[[219 151 223 8 193 135 251 156 127 70 179 75 0 32 14 170 149 227 33 195]:[]] [0xc4210442d0] {0xc42000c260 0xc438589560}} @ File: worker.go  Function: github.com/ethereum/go-ethereum/miner.(*worker).commitNewWork Line: 966

2018/10/02 18:05:12 Worker attempting to commit txns @ File: worker.go  Function: github.com/ethereum/go-ethereum/miner.(*worker).commitTransactions Line: 722

2018/10/02 18:05:12 Worker attempting to commit txns @ File: worker.go  Function: github.com/ethereum/go-ethereum/miner.(*worker).commitTransactions Line: 722

2018/10/02 18:05:12 Worker iterating through txns for committing

2018/10/02 18:05:12 Worker iterating through txns for committing

2018/10/02 18:05:12 Worker has access to sufficient gas pool of 8000000

2018/10/02 18:05:12 Worker has access to sufficient gas pool of 8000000

2018/10/02 18:05:12 Next txn to commit: efc7189830f01a5e4969f1ecd0950250d900cc51a1d496d8efcaec8c13241a70

2018/10/02 18:05:12 Next txn to commit: efc7189830f01a5e4969f1ecd0950250d900cc51a1d496d8efcaec8c13241a70

2018/10/02 18:05:12 Executing txn: efc7189830f01a5e4969f1ecd0950250d900cc51a1d496d8efcaec8c13241a70

2018/10/02 18:05:12 Executing txn: efc7189830f01a5e4969f1ecd0950250d900cc51a1d496d8efcaec8c13241a70

2018/10/02 18:05:12 Txn (efc7189830f01a5e4969f1ecd0950250d900cc51a1d496d8efcaec8c13241a70) executed with receipt: [] @ File: worker.go  Function: github.com/ethereum/go-ethereum/miner.(*worker).commitTransaction Line: 709

2018/10/02 18:05:12 Worker has access to sufficient gas pool of 7979000

2018/10/02 18:05:12 Worker found no more txns

2018/10/02 18:05:12 Txn (efc7189830f01a5e4969f1ecd0950250d900cc51a1d496d8efcaec8c13241a70) executed with receipt: [] @ File: worker.go  Function: github.com/ethereum/go-ethereum/miner.(*worker).commitTransaction Line: 709

2018/10/02 18:05:12 Worker has access to sufficient gas pool of 7979000

2018/10/02 18:05:12 Worker found no more txns

2018/10/02 18:05:14 Worker found (0) pending txns from pool: File: worker.go  Function: github.com/ethereum/go-ethereum/miner.(*worker).commitNewWork Line: 935 @ %!s(MISSING)

2018/10/02 18:05:14 Worker found (0) pending txns from pool: File: worker.go  Function: github.com/ethereum/go-ethereum/miner.(*worker).commitNewWork Line: 935 @ %!s(MISSING)

2018/10/02 18:05:19 Worker found (0) pending txns from pool: File: worker.go  Function: github.com/ethereum/go-ethereum/miner.(*worker).commitNewWork Line: 935 @ %!s(MISSING)

2018/10/02 18:05:19 Worker found (0) pending txns from pool: File: worker.go  Function: github.com/ethereum/go-ethereum/miner.(*worker).commitNewWork Line: 935 @ %!s(MISSING)

2018/10/02 18:05:24 Worker found (0) pending txns from pool: File: worker.go  Function: github.com/ethereum/go-ethereum/miner.(*worker).commitNewWork Line: 935 @ %!s(MISSING)

2018/10/02 18:05:24 Worker found (0) pending txns from pool: File: worker.go  Function: github.com/ethereum/go-ethereum/miner.(*worker).commitNewWork Line: 935 @ %!s(MISSING)

2018/10/02 18:05:29 Worker found (0) pending txns from pool: File: worker.go  Function: github.com/ethereum/go-ethereum/miner.(*worker).commitNewWork Line: 935 @ %!s(MISSING)

2018/10/02 18:05:29 Worker found (0) pending txns from pool: File: worker.go  Function: github.com/ethereum/go-ethereum/miner.(*worker).commitNewWork Line: 935 @ %!s(MISSING)

2018/10/02 18:05:34 Worker found (0) pending txns from pool: File: worker.go  Function: github.com/ethereum/go-ethereum/miner.(*worker).commitNewWork Line: 935 @ %!s(MISSING)

2018/10/02 18:05:34 Worker found (0) pending txns from pool: File: worker.go  Function: github.com/ethereum/go-ethereum/miner.(*worker).commitNewWork Line: 935 @ %!s(MISSING)

2018/10/02 18:05:39 Worker found (0) pending txns from pool: File: worker.go  Function: github.com/ethereum/go-ethereum/miner.(*worker).commitNewWork Line: 935 @ %!s(MISSING)

2018/10/02 18:05:39 Worker found (0) pending txns from pool: File: worker.go  Function: github.com/ethereum/go-ethereum/miner.(*worker).commitNewWork Line: 935 @ %!s(MISSING)

2018/10/02 18:05:44 Worker found (0) pending txns from pool: File: worker.go  Function: github.com/ethereum/go-ethereum/miner.(*worker).commitNewWork Line: 935 @ %!s(MISSING)

2018/10/02 18:05:44 Worker found (0) pending txns from pool: File: worker.go  Function: github.com/ethereum/go-ethereum/miner.(*worker).commitNewWork Line: 935 @ %!s(MISSING)

2018/10/02 18:05:49 Worker found (0) pending txns from pool: File: worker.go  Function: github.com/ethereum/go-ethereum/miner.(*worker).commitNewWork Line: 935 @ %!s(MISSING)

2018/10/02 18:05:49 Worker found (0) pending txns from pool: File: worker.go  Function: github.com/ethereum/go-ethereum/miner.(*worker).commitNewWork Line: 935 @ %!s(MISSING)

2018/10/02 18:05:54 Worker found (0) pending txns from pool: File: worker.go  Function: github.com/ethereum/go-ethereum/miner.(*worker).commitNewWork Line: 935 @ %!s(MISSING)

2018/10/02 18:05:54 Worker found (0) pending txns from pool: File: worker.go  Function: github.com/ethereum/go-ethereum/miner.(*worker).commitNewWork Line: 935 @ %!s(MISSING)

2018/10/02 18:05:59 Worker found (0) pending txns from pool: File: worker.go  Function: github.com/ethereum/go-ethereum/miner.(*worker).commitNewWork Line: 935 @ %!s(MISSING)

2018/10/02 18:05:59 Worker found (0) pending txns from pool: File: worker.go  Function: github.com/ethereum/go-ethereum/miner.(*worker).commitNewWork Line: 935 @ %!s(MISSING)

2018/10/02 18:06:04 Worker found (0) pending txns from pool: File: worker.go  Function: github.com/ethereum/go-ethereum/miner.(*worker).commitNewWork Line: 935 @ %!s(MISSING)

2018/10/02 18:06:04 Worker found (0) pending txns from pool: File: worker.go  Function: github.com/ethereum/go-ethereum/miner.(*worker).commitNewWork Line: 935 @ %!s(MISSING)

2018/10/02 18:06:09 Worker found (0) pending txns from pool: File: worker.go  Function: github.com/ethereum/go-ethereum/miner.(*worker).commitNewWork Line: 935 @ %!s(MISSING)

2018/10/02 18:06:09 Worker found (0) pending txns from pool: File: worker.go  Function: github.com/ethereum/go-ethereum/miner.(*worker).commitNewWork Line: 935 @ %!s(MISSING)

2018/10/02 18:06:14 Worker found (0) pending txns from pool: File: worker.go  Function: github.com/ethereum/go-ethereum/miner.(*worker).commitNewWork Line: 935 @ %!s(MISSING)

2018/10/02 18:06:14 Worker found (0) pending txns from pool: File: worker.go  Function: github.com/ethereum/go-ethereum/miner.(*worker).commitNewWork Line: 935 @ %!s(MISSING)

2018/10/02 18:06:19 Worker found (0) pending txns from pool: File: worker.go  Function: github.com/ethereum/go-ethereum/miner.(*worker).commitNewWork Line: 935 @ %!s(MISSING)

2018/10/02 18:06:19 Worker found (0) pending txns from pool: File: worker.go  Function: github.com/ethereum/go-ethereum/miner.(*worker).commitNewWork Line: 935 @ %!s(MISSING)

2018/10/02 18:06:24 Worker found (0) pending txns from pool: File: worker.go  Function: github.com/ethereum/go-ethereum/miner.(*worker).commitNewWork Line: 935 @ %!s(MISSING)

2018/10/02 18:06:24 Worker found (0) pending txns from pool: File: worker.go  Function: github.com/ethereum/go-ethereum/miner.(*worker).commitNewWork Line: 935 @ %!s(MISSING)

2018/10/02 18:06:29 Worker found (0) pending txns from pool: File: worker.go  Function: github.com/ethereum/go-ethereum/miner.(*worker).commitNewWork Line: 935 @ %!s(MISSING)

2018/10/02 18:06:29 Worker found (0) pending txns from pool: File: worker.go  Function: github.com/ethereum/go-ethereum/miner.(*worker).commitNewWork Line: 935 @ %!s(MISSING)

2018/10/02 18:06:34 Worker found (0) pending txns from pool: File: worker.go  Function: github.com/ethereum/go-ethereum/miner.(*worker).commitNewWork Line: 935 @ %!s(MISSING)

2018/10/02 18:06:34 Worker found (0) pending txns from pool: File: worker.go  Function: github.com/ethereum/go-ethereum/miner.(*worker).commitNewWork Line: 935 @ %!s(MISSING)

2018/10/02 18:06:39 Worker found (0) pending txns from pool: File: worker.go  Function: github.com/ethereum/go-ethereum/miner.(*worker).commitNewWork Line: 935 @ %!s(MISSING)

2018/10/02 18:06:39 Worker found (0) pending txns from pool: File: worker.go  Function: github.com/ethereum/go-ethereum/miner.(*worker).commitNewWork Line: 935 @ %!s(MISSING)

2018/10/02 18:06:44 Worker found (0) pending txns from pool: File: worker.go  Function: github.com/ethereum/go-ethereum/miner.(*worker).commitNewWork Line: 935 @ %!s(MISSING)

2018/10/02 18:06:44 Worker found (0) pending txns from pool: File: worker.go  Function: github.com/ethereum/go-ethereum/miner.(*worker).commitNewWork Line: 935 @ %!s(MISSING)

2018/10/02 18:06:49 Worker found (0) pending txns from pool: File: worker.go  Function: github.com/ethereum/go-ethereum/miner.(*worker).commitNewWork Line: 935 @ %!s(MISSING)

2018/10/02 18:06:49 Worker found (0) pending txns from pool: File: worker.go  Function: github.com/ethereum/go-ethereum/miner.(*worker).commitNewWork Line: 935 @ %!s(MISSING)

2018/10/02 18:06:54 Worker found (0) pending txns from pool: File: worker.go  Function: github.com/ethereum/go-ethereum/miner.(*worker).commitNewWork Line: 935 @ %!s(MISSING)

2018/10/02 18:06:54 Worker found (0) pending txns from pool: File: worker.go  Function: github.com/ethereum/go-ethereum/miner.(*worker).commitNewWork Line: 935 @ %!s(MISSING)

2018/10/02 18:06:59 Worker found (0) pending txns from pool: File: worker.go  Function: github.com/ethereum/go-ethereum/miner.(*worker).commitNewWork Line: 935 @ %!s(MISSING)

2018/10/02 18:06:59 Worker found (0) pending txns from pool: File: worker.go  Function: github.com/ethereum/go-ethereum/miner.(*worker).commitNewWork Line: 935 @ %!s(MISSING)

2018/10/02 18:07:04 Worker found (0) pending txns from pool: File: worker.go  Function: github.com/ethereum/go-ethereum/miner.(*worker).commitNewWork Line: 935 @ %!s(MISSING)

2018/10/02 18:07:04 Worker found (0) pending txns from pool: File: worker.go  Function: github.com/ethereum/go-ethereum/miner.(*worker).commitNewWork Line: 935 @ %!s(MISSING)

2018/10/02 18:07:09 Worker found (0) pending txns from pool: File: worker.go  Function: github.com/ethereum/go-ethereum/miner.(*worker).commitNewWork Line: 935 @ %!s(MISSING)

2018/10/02 18:07:09 Worker found (0) pending txns from pool: File: worker.go  Function: github.com/ethereum/go-ethereum/miner.(*worker).commitNewWork Line: 935 @ %!s(MISSING)

2018/10/02 18:07:14 Worker found (0) pending txns from pool: File: worker.go  Function: github.com/ethereum/go-ethereum/miner.(*worker).commitNewWork Line: 935 @ %!s(MISSING)

2018/10/02 18:07:14 Worker found (0) pending txns from pool: File: worker.go  Function: github.com/ethereum/go-ethereum/miner.(*worker).commitNewWork Line: 935 @ %!s(MISSING)

2018/10/02 18:07:19 Worker found (0) pending txns from pool: File: worker.go  Function: github.com/ethereum/go-ethereum/miner.(*worker).commitNewWork Line: 935 @ %!s(MISSING)

2018/10/02 18:07:19 Worker found (0) pending txns from pool: File: worker.go  Function: github.com/ethereum/go-ethereum/miner.(*worker).commitNewWork Line: 935 @ %!s(MISSING)

2018/10/02 18:07:24 Worker found (0) pending txns from pool: File: worker.go  Function: github.com/ethereum/go-ethereum/miner.(*worker).commitNewWork Line: 935 @ %!s(MISSING)

2018/10/02 18:07:24 Worker found (0) pending txns from pool: File: worker.go  Function: github.com/ethereum/go-ethereum/miner.(*worker).commitNewWork Line: 935 @ %!s(MISSING)

2018/10/02 18:07:29 Worker found (0) pending txns from pool: File: worker.go  Function: github.com/ethereum/go-ethereum/miner.(*worker).commitNewWork Line: 935 @ %!s(MISSING)

2018/10/02 18:07:29 Worker found (0) pending txns from pool: File: worker.go  Function: github.com/ethereum/go-ethereum/miner.(*worker).commitNewWork Line: 935 @ %!s(MISSING)

2018/10/02 18:07:34 Worker found (0) pending txns from pool: File: worker.go  Function: github.com/ethereum/go-ethereum/miner.(*worker).commitNewWork Line: 935 @ %!s(MISSING)

2018/10/02 18:07:34 Worker found (0) pending txns from pool: File: worker.go  Function: github.com/ethereum/go-ethereum/miner.(*worker).commitNewWork Line: 935 @ %!s(MISSING)

2018/10/02 18:07:39 Worker found (0) pending txns from pool: File: worker.go  Function: github.com/ethereum/go-ethereum/miner.(*worker).commitNewWork Line: 935 @ %!s(MISSING)

2018/10/02 18:07:39 Worker found (0) pending txns from pool: File: worker.go  Function: github.com/ethereum/go-ethereum/miner.(*worker).commitNewWork Line: 935 @ %!s(MISSING)

2018/10/02 18:07:44 Worker found (0) pending txns from pool: File: worker.go  Function: github.com/ethereum/go-ethereum/miner.(*worker).commitNewWork Line: 935 @ %!s(MISSING)

2018/10/02 18:07:44 Worker found (0) pending txns from pool: File: worker.go  Function: github.com/ethereum/go-ethereum/miner.(*worker).commitNewWork Line: 935 @ %!s(MISSING)

2018/10/02 18:07:49 Worker found (0) pending txns from pool: File: worker.go  Function: github.com/ethereum/go-ethereum/miner.(*worker).commitNewWork Line: 935 @ %!s(MISSING)

2018/10/02 18:07:49 Worker found (0) pending txns from pool: File: worker.go  Function: github.com/ethereum/go-ethereum/miner.(*worker).commitNewWork Line: 935 @ %!s(MISSING)

2018/10/02 18:07:54 Worker found (0) pending txns from pool: File: worker.go  Function: github.com/ethereum/go-ethereum/miner.(*worker).commitNewWork Line: 935 @ %!s(MISSING)

2018/10/02 18:07:54 Worker found (0) pending txns from pool: File: worker.go  Function: github.com/ethereum/go-ethereum/miner.(*worker).commitNewWork Line: 935 @ %!s(MISSING)

2018/10/02 18:07:59 Worker found (0) pending txns from pool: File: worker.go  Function: github.com/ethereum/go-ethereum/miner.(*worker).commitNewWork Line: 935 @ %!s(MISSING)

2018/10/02 18:07:59 Worker found (0) pending txns from pool: File: worker.go  Function: github.com/ethereum/go-ethereum/miner.(*worker).commitNewWork Line: 935 @ %!s(MISSING)

2018/10/02 18:08:04 Worker found (0) pending txns from pool: File: worker.go  Function: github.com/ethereum/go-ethereum/miner.(*worker).commitNewWork Line: 935 @ %!s(MISSING)

2018/10/02 18:08:04 Worker found (0) pending txns from pool: File: worker.go  Function: github.com/ethereum/go-ethereum/miner.(*worker).commitNewWork Line: 935 @ %!s(MISSING)

2018/10/02 18:08:09 Worker found (0) pending txns from pool: File: worker.go  Function: github.com/ethereum/go-ethereum/miner.(*worker).commitNewWork Line: 935 @ %!s(MISSING)

2018/10/02 18:08:09 Worker found (0) pending txns from pool: File: worker.go  Function: github.com/ethereum/go-ethereum/miner.(*worker).commitNewWork Line: 935 @ %!s(MISSING)

2018/10/02 18:08:14 Worker found (0) pending txns from pool: File: worker.go  Function: github.com/ethereum/go-ethereum/miner.(*worker).commitNewWork Line: 935 @ %!s(MISSING)

2018/10/02 18:08:14 Worker found (0) pending txns from pool: File: worker.go  Function: github.com/ethereum/go-ethereum/miner.(*worker).commitNewWork Line: 935 @ %!s(MISSING)

2018/10/02 18:08:19 Worker found (0) pending txns from pool: File: worker.go  Function: github.com/ethereum/go-ethereum/miner.(*worker).commitNewWork Line: 935 @ %!s(MISSING)

2018/10/02 18:08:19 Worker found (0) pending txns from pool: File: worker.go  Function: github.com/ethereum/go-ethereum/miner.(*worker).commitNewWork Line: 935 @ %!s(MISSING)

2018/10/02 18:08:24 Worker found (0) pending txns from pool: File: worker.go  Function: github.com/ethereum/go-ethereum/miner.(*worker).commitNewWork Line: 935 @ %!s(MISSING)

2018/10/02 18:08:24 Worker found (0) pending txns from pool: File: worker.go  Function: github.com/ethereum/go-ethereum/miner.(*worker).commitNewWork Line: 935 @ %!s(MISSING)

2018/10/02 18:08:29 Worker found (0) pending txns from pool: File: worker.go  Function: github.com/ethereum/go-ethereum/miner.(*worker).commitNewWork Line: 935 @ %!s(MISSING)

2018/10/02 18:08:29 Worker found (0) pending txns from pool: File: worker.go  Function: github.com/ethereum/go-ethereum/miner.(*worker).commitNewWork Line: 935 @ %!s(MISSING)

2018/10/02 18:08:34 Worker found (0) pending txns from pool: File: worker.go  Function: github.com/ethereum/go-ethereum/miner.(*worker).commitNewWork Line: 935 @ %!s(MISSING)

2018/10/02 18:08:34 Worker found (0) pending txns from pool: File: worker.go  Function: github.com/ethereum/go-ethereum/miner.(*worker).commitNewWork Line: 935 @ %!s(MISSING)

2018/10/02 18:08:39 Worker found (0) pending txns from pool: File: worker.go  Function: github.com/ethereum/go-ethereum/miner.(*worker).commitNewWork Line: 935 @ %!s(MISSING)

2018/10/02 18:08:39 Worker found (0) pending txns from pool: File: worker.go  Function: github.com/ethereum/go-ethereum/miner.(*worker).commitNewWork Line: 935 @ %!s(MISSING)

2018/10/02 18:08:44 Worker found (0) pending txns from pool: File: worker.go  Function: github.com/ethereum/go-ethereum/miner.(*worker).commitNewWork Line: 935 @ %!s(MISSING)

2018/10/02 18:08:44 Worker found (0) pending txns from pool: File: worker.go  Function: github.com/ethereum/go-ethereum/miner.(*worker).commitNewWork Line: 935 @ %!s(MISSING)

2018/10/02 18:08:49 Worker found (0) pending txns from pool: File: worker.go  Function: github.com/ethereum/go-ethereum/miner.(*worker).commitNewWork Line: 935 @ %!s(MISSING)

2018/10/02 18:08:49 Worker found (0) pending txns from pool: File: worker.go  Function: github.com/ethereum/go-ethereum/miner.(*worker).commitNewWork Line: 935 @ %!s(MISSING)

2018/10/02 18:08:54 Worker found (0) pending txns from pool: File: worker.go  Function: github.com/ethereum/go-ethereum/miner.(*worker).commitNewWork Line: 935 @ %!s(MISSING)

2018/10/02 18:08:54 Worker found (0) pending txns from pool: File: worker.go  Function: github.com/ethereum/go-ethereum/miner.(*worker).commitNewWork Line: 935 @ %!s(MISSING)

2018/10/02 18:08:59 Worker found (0) pending txns from pool: File: worker.go  Function: github.com/ethereum/go-ethereum/miner.(*worker).commitNewWork Line: 935 @ %!s(MISSING)

2018/10/02 18:08:59 Worker found (0) pending txns from pool: File: worker.go  Function: github.com/ethereum/go-ethereum/miner.(*worker).commitNewWork Line: 935 @ %!s(MISSING)

2018/10/02 18:09:04 Worker found (0) pending txns from pool: File: worker.go  Function: github.com/ethereum/go-ethereum/miner.(*worker).commitNewWork Line: 935 @ %!s(MISSING)

2018/10/02 18:09:04 Worker found (0) pending txns from pool: File: worker.go  Function: github.com/ethereum/go-ethereum/miner.(*worker).commitNewWork Line: 935 @ %!s(MISSING)

2018/10/02 18:09:09 Worker found (0) pending txns from pool: File: worker.go  Function: github.com/ethereum/go-ethereum/miner.(*worker).commitNewWork Line: 935 @ %!s(MISSING)

2018/10/02 18:09:09 Worker found (0) pending txns from pool: File: worker.go  Function: github.com/ethereum/go-ethereum/miner.(*worker).commitNewWork Line: 935 @ %!s(MISSING)

2018/10/02 18:09:14 Worker found (0) pending txns from pool: File: worker.go  Function: github.com/ethereum/go-ethereum/miner.(*worker).commitNewWork Line: 935 @ %!s(MISSING)

2018/10/02 18:09:14 Worker found (0) pending txns from pool: File: worker.go  Function: github.com/ethereum/go-ethereum/miner.(*worker).commitNewWork Line: 935 @ %!s(MISSING)

2018/10/02 18:09:19 Worker found (0) pending txns from pool: File: worker.go  Function: github.com/ethereum/go-ethereum/miner.(*worker).commitNewWork Line: 935 @ %!s(MISSING)

2018/10/02 18:09:19 Worker found (0) pending txns from pool: File: worker.go  Function: github.com/ethereum/go-ethereum/miner.(*worker).commitNewWork Line: 935 @ %!s(MISSING)

2018/10/02 18:09:24 Worker found (0) pending txns from pool: File: worker.go  Function: github.com/ethereum/go-ethereum/miner.(*worker).commitNewWork Line: 935 @ %!s(MISSING)

2018/10/02 18:09:24 Worker found (0) pending txns from pool: File: worker.go  Function: github.com/ethereum/go-ethereum/miner.(*worker).commitNewWork Line: 935 @ %!s(MISSING)

2018/10/02 18:09:29 Worker found (0) pending txns from pool: File: worker.go  Function: github.com/ethereum/go-ethereum/miner.(*worker).commitNewWork Line: 935 @ %!s(MISSING)

2018/10/02 18:09:29 Worker found (0) pending txns from pool: File: worker.go  Function: github.com/ethereum/go-ethereum/miner.(*worker).commitNewWork Line: 935 @ %!s(MISSING)

2018/10/02 18:09:34 Worker found (0) pending txns from pool: File: worker.go  Function: github.com/ethereum/go-ethereum/miner.(*worker).commitNewWork Line: 935 @ %!s(MISSING)

2018/10/02 18:09:34 Worker found (0) pending txns from pool: File: worker.go  Function: github.com/ethereum/go-ethereum/miner.(*worker).commitNewWork Line: 935 @ %!s(MISSING)

2018/10/02 18:09:39 Worker found (0) pending txns from pool: File: worker.go  Function: github.com/ethereum/go-ethereum/miner.(*worker).commitNewWork Line: 935 @ %!s(MISSING)

2018/10/02 18:09:39 Worker found (0) pending txns from pool: File: worker.go  Function: github.com/ethereum/go-ethereum/miner.(*worker).commitNewWork Line: 935 @ %!s(MISSING)

2018/10/02 18:09:44 Worker found (0) pending txns from pool: File: worker.go  Function: github.com/ethereum/go-ethereum/miner.(*worker).commitNewWork Line: 935 @ %!s(MISSING)

2018/10/02 18:09:44 Worker found (0) pending txns from pool: File: worker.go  Function: github.com/ethereum/go-ethereum/miner.(*worker).commitNewWork Line: 935 @ %!s(MISSING)

2018/10/02 18:09:49 Worker found (0) pending txns from pool: File: worker.go  Function: github.com/ethereum/go-ethereum/miner.(*worker).commitNewWork Line: 935 @ %!s(MISSING)

2018/10/02 18:09:49 Worker found (0) pending txns from pool: File: worker.go  Function: github.com/ethereum/go-ethereum/miner.(*worker).commitNewWork Line: 935 @ %!s(MISSING)

2018/10/02 18:09:54 Worker found (0) pending txns from pool: File: worker.go  Function: github.com/ethereum/go-ethereum/miner.(*worker).commitNewWork Line: 935 @ %!s(MISSING)

2018/10/02 18:09:54 Worker found (0) pending txns from pool: File: worker.go  Function: github.com/ethereum/go-ethereum/miner.(*worker).commitNewWork Line: 935 @ %!s(MISSING)

2018/10/02 18:09:59 Worker found (0) pending txns from pool: File: worker.go  Function: github.com/ethereum/go-ethereum/miner.(*worker).commitNewWork Line: 935 @ %!s(MISSING)

2018/10/02 18:09:59 Worker found (0) pending txns from pool: File: worker.go  Function: github.com/ethereum/go-ethereum/miner.(*worker).commitNewWork Line: 935 @ %!s(MISSING)

2018/10/02 18:10:04 Worker found (0) pending txns from pool: File: worker.go  Function: github.com/ethereum/go-ethereum/miner.(*worker).commitNewWork Line: 935 @ %!s(MISSING)

2018/10/02 18:10:04 Worker found (0) pending txns from pool: File: worker.go  Function: github.com/ethereum/go-ethereum/miner.(*worker).commitNewWork Line: 935 @ %!s(MISSING)

2018/10/02 18:10:09 Worker found (0) pending txns from pool: File: worker.go  Function: github.com/ethereum/go-ethereum/miner.(*worker).commitNewWork Line: 935 @ %!s(MISSING)

2018/10/02 18:10:09 Worker found (0) pending txns from pool: File: worker.go  Function: github.com/ethereum/go-ethereum/miner.(*worker).commitNewWork Line: 935 @ %!s(MISSING)

2018/10/02 18:10:14 Worker found (0) pending txns from pool: File: worker.go  Function: github.com/ethereum/go-ethereum/miner.(*worker).commitNewWork Line: 935 @ %!s(MISSING)

2018/10/02 18:10:14 Worker found (0) pending txns from pool: File: worker.go  Function: github.com/ethereum/go-ethereum/miner.(*worker).commitNewWork Line: 935 @ %!s(MISSING)

2018/10/02 18:10:19 Worker found (0) pending txns from pool: File: worker.go  Function: github.com/ethereum/go-ethereum/miner.(*worker).commitNewWork Line: 935 @ %!s(MISSING)

2018/10/02 18:10:19 Worker found (0) pending txns from pool: File: worker.go  Function: github.com/ethereum/go-ethereum/miner.(*worker).commitNewWork Line: 935 @ %!s(MISSING)

2018/10/02 18:10:24 Worker found (0) pending txns from pool: File: worker.go  Function: github.com/ethereum/go-ethereum/miner.(*worker).commitNewWork Line: 935 @ %!s(MISSING)

2018/10/02 18:10:24 Worker found (0) pending txns from pool: File: worker.go  Function: github.com/ethereum/go-ethereum/miner.(*worker).commitNewWork Line: 935 @ %!s(MISSING)

2018/10/02 18:10:29 Worker found (0) pending txns from pool: File: worker.go  Function: github.com/ethereum/go-ethereum/miner.(*worker).commitNewWork Line: 935 @ %!s(MISSING)

2018/10/02 18:10:29 Worker found (0) pending txns from pool: File: worker.go  Function: github.com/ethereum/go-ethereum/miner.(*worker).commitNewWork Line: 935 @ %!s(MISSING)

2018/10/02 18:10:34 Worker found (0) pending txns from pool: File: worker.go  Function: github.com/ethereum/go-ethereum/miner.(*worker).commitNewWork Line: 935 @ %!s(MISSING)

2018/10/02 18:10:34 Worker found (0) pending txns from pool: File: worker.go  Function: github.com/ethereum/go-ethereum/miner.(*worker).commitNewWork Line: 935 @ %!s(MISSING)

2018/10/02 18:10:39 Worker found (0) pending txns from pool: File: worker.go  Function: github.com/ethereum/go-ethereum/miner.(*worker).commitNewWork Line: 935 @ %!s(MISSING)

2018/10/02 18:10:39 Worker found (0) pending txns from pool: File: worker.go  Function: github.com/ethereum/go-ethereum/miner.(*worker).commitNewWork Line: 935 @ %!s(MISSING)

2018/10/02 18:10:44 Worker found (0) pending txns from pool: File: worker.go  Function: github.com/ethereum/go-ethereum/miner.(*worker).commitNewWork Line: 935 @ %!s(MISSING)

2018/10/02 18:10:44 Worker found (0) pending txns from pool: File: worker.go  Function: github.com/ethereum/go-ethereum/miner.(*worker).commitNewWork Line: 935 @ %!s(MISSING)

2018/10/02 18:10:49 Worker found (0) pending txns from pool: File: worker.go  Function: github.com/ethereum/go-ethereum/miner.(*worker).commitNewWork Line: 935 @ %!s(MISSING)

2018/10/02 18:10:49 Worker found (0) pending txns from pool: File: worker.go  Function: github.com/ethereum/go-ethereum/miner.(*worker).commitNewWork Line: 935 @ %!s(MISSING)

2018/10/02 18:10:54 Worker found (0) pending txns from pool: File: worker.go  Function: github.com/ethereum/go-ethereum/miner.(*worker).commitNewWork Line: 935 @ %!s(MISSING)

2018/10/02 18:10:54 Worker found (0) pending txns from pool: File: worker.go  Function: github.com/ethereum/go-ethereum/miner.(*worker).commitNewWork Line: 935 @ %!s(MISSING)

2018/10/02 18:10:59 Worker found (0) pending txns from pool: File: worker.go  Function: github.com/ethereum/go-ethereum/miner.(*worker).commitNewWork Line: 935 @ %!s(MISSING)

2018/10/02 18:10:59 Worker found (0) pending txns from pool: File: worker.go  Function: github.com/ethereum/go-ethereum/miner.(*worker).commitNewWork Line: 935 @ %!s(MISSING)

2018/10/02 18:11:04 Worker found (0) pending txns from pool: File: worker.go  Function: github.com/ethereum/go-ethereum/miner.(*worker).commitNewWork Line: 935 @ %!s(MISSING)

2018/10/02 18:11:04 Worker found (0) pending txns from pool: File: worker.go  Function: github.com/ethereum/go-ethereum/miner.(*worker).commitNewWork Line: 935 @ %!s(MISSING)

2018/10/02 18:11:09 Worker found (0) pending txns from pool: File: worker.go  Function: github.com/ethereum/go-ethereum/miner.(*worker).commitNewWork Line: 935 @ %!s(MISSING)

2018/10/02 18:11:09 Worker found (0) pending txns from pool: File: worker.go  Function: github.com/ethereum/go-ethereum/miner.(*worker).commitNewWork Line: 935 @ %!s(MISSING)

2018/10/02 18:11:14 Worker found (0) pending txns from pool: File: worker.go  Function: github.com/ethereum/go-ethereum/miner.(*worker).commitNewWork Line: 935 @ %!s(MISSING)

2018/10/02 18:11:14 Worker found (0) pending txns from pool: File: worker.go  Function: github.com/ethereum/go-ethereum/miner.(*worker).commitNewWork Line: 935 @ %!s(MISSING)

2018/10/02 18:11:19 Worker found (0) pending txns from pool: File: worker.go  Function: github.com/ethereum/go-ethereum/miner.(*worker).commitNewWork Line: 935 @ %!s(MISSING)

2018/10/02 18:11:19 Worker found (0) pending txns from pool: File: worker.go  Function: github.com/ethereum/go-ethereum/miner.(*worker).commitNewWork Line: 935 @ %!s(MISSING)

2018/10/02 18:11:24 Worker found (0) pending txns from pool: File: worker.go  Function: github.com/ethereum/go-ethereum/miner.(*worker).commitNewWork Line: 935 @ %!s(MISSING)

2018/10/02 18:11:24 Worker found (0) pending txns from pool: File: worker.go  Function: github.com/ethereum/go-ethereum/miner.(*worker).commitNewWork Line: 935 @ %!s(MISSING)

2018/10/02 18:11:29 Worker found (0) pending txns from pool: File: worker.go  Function: github.com/ethereum/go-ethereum/miner.(*worker).commitNewWork Line: 935 @ %!s(MISSING)

2018/10/02 18:11:29 Worker found (0) pending txns from pool: File: worker.go  Function: github.com/ethereum/go-ethereum/miner.(*worker).commitNewWork Line: 935 @ %!s(MISSING)

2018/10/02 18:11:34 Worker found (0) pending txns from pool: File: worker.go  Function: github.com/ethereum/go-ethereum/miner.(*worker).commitNewWork Line: 935 @ %!s(MISSING)

2018/10/02 18:11:34 Worker found (0) pending txns from pool: File: worker.go  Function: github.com/ethereum/go-ethereum/miner.(*worker).commitNewWork Line: 935 @ %!s(MISSING)

2018/10/02 18:11:39 Worker found (0) pending txns from pool: File: worker.go  Function: github.com/ethereum/go-ethereum/miner.(*worker).commitNewWork Line: 935 @ %!s(MISSING)

2018/10/02 18:11:39 Worker found (0) pending txns from pool: File: worker.go  Function: github.com/ethereum/go-ethereum/miner.(*worker).commitNewWork Line: 935 @ %!s(MISSING)

2018/10/02 18:11:44 Worker found (0) pending txns from pool: File: worker.go  Function: github.com/ethereum/go-ethereum/miner.(*worker).commitNewWork Line: 935 @ %!s(MISSING)

2018/10/02 18:11:44 Worker found (0) pending txns from pool: File: worker.go  Function: github.com/ethereum/go-ethereum/miner.(*worker).commitNewWork Line: 935 @ %!s(MISSING)

2018/10/02 18:11:49 Worker found (0) pending txns from pool: File: worker.go  Function: github.com/ethereum/go-ethereum/miner.(*worker).commitNewWork Line: 935 @ %!s(MISSING)

2018/10/02 18:11:49 Worker found (0) pending txns from pool: File: worker.go  Function: github.com/ethereum/go-ethereum/miner.(*worker).commitNewWork Line: 935 @ %!s(MISSING)

2018/10/02 18:11:54 Worker found (0) pending txns from pool: File: worker.go  Function: github.com/ethereum/go-ethereum/miner.(*worker).commitNewWork Line: 935 @ %!s(MISSING)

2018/10/02 18:11:54 Worker found (0) pending txns from pool: File: worker.go  Function: github.com/ethereum/go-ethereum/miner.(*worker).commitNewWork Line: 935 @ %!s(MISSING)

2018/10/02 18:11:59 Worker found (0) pending txns from pool: File: worker.go  Function: github.com/ethereum/go-ethereum/miner.(*worker).commitNewWork Line: 935 @ %!s(MISSING)

2018/10/02 18:11:59 Worker found (0) pending txns from pool: File: worker.go  Function: github.com/ethereum/go-ethereum/miner.(*worker).commitNewWork Line: 935 @ %!s(MISSING)

2018/10/02 18:12:04 Worker found (0) pending txns from pool: File: worker.go  Function: github.com/ethereum/go-ethereum/miner.(*worker).commitNewWork Line: 935 @ %!s(MISSING)

2018/10/02 18:12:04 Worker found (0) pending txns from pool: File: worker.go  Function: github.com/ethereum/go-ethereum/miner.(*worker).commitNewWork Line: 935 @ %!s(MISSING)

2018/10/02 18:12:09 Worker found (0) pending txns from pool: File: worker.go  Function: github.com/ethereum/go-ethereum/miner.(*worker).commitNewWork Line: 935 @ %!s(MISSING)

2018/10/02 18:12:09 Worker found (0) pending txns from pool: File: worker.go  Function: github.com/ethereum/go-ethereum/miner.(*worker).commitNewWork Line: 935 @ %!s(MISSING)

2018/10/02 18:12:22 Pool found incoming txn, queueing new txn with hash: efc7189830f01a5e4969f1ecd0950250d900cc51a1d496d8efcaec8c13241a70 @ File: tx_pool.go  Function: github.com/ethereum/go-ethereum/core.(*TxPool).add Line: 648

2018/10/02 18:12:22 Pool beginning standard validation using local heuristics @ File: tx_pool.go  Function: github.com/ethereum/go-ethereum/core.(*TxPool).validateTx Line: 581

2018/10/02 18:12:22 Txn passed size limit of 32KB

2018/10/02 18:12:22 Txn passed non-negative check

2018/10/02 18:12:22 Txn signed properly

2018/10/02 18:12:22 Txn gas price of 1 is above our pool's acceptable gas price of 1

2018/10/02 18:12:22 Worker found (0) pending txns from pool: map[] @ File: worker.go  Function: github.com/ethereum/go-ethereum/miner.(*worker).commitNewWork Line: 933

2018/10/02 18:12:23 Worker found (0) pending txns from pool: map[] @ File: worker.go  Function: github.com/ethereum/go-ethereum/miner.(*worker).commitNewWork Line: 933

2018/10/02 18:12:25 Worker found (0) pending txns from pool: map[] @ File: worker.go  Function: github.com/ethereum/go-ethereum/miner.(*worker).commitNewWork Line: 933

2018/10/02 18:12:26 Worker found (0) pending txns from pool: map[] @ File: worker.go  Function: github.com/ethereum/go-ethereum/miner.(*worker).commitNewWork Line: 933

2018/10/02 18:12:26 Worker found (0) pending txns from pool: map[] @ File: worker.go  Function: github.com/ethereum/go-ethereum/miner.(*worker).commitNewWork Line: 933

2018/10/02 18:12:26 Worker found (0) pending txns from pool: map[] @ File: worker.go  Function: github.com/ethereum/go-ethereum/miner.(*worker).commitNewWork Line: 933

2018/10/02 18:12:31 Worker found (0) pending txns from pool: map[] @ File: worker.go  Function: github.com/ethereum/go-ethereum/miner.(*worker).commitNewWork Line: 933

2018/10/02 18:12:31 Worker found (0) pending txns from pool: map[] @ File: worker.go  Function: github.com/ethereum/go-ethereum/miner.(*worker).commitNewWork Line: 933

2018/10/02 18:12:34 Pool found incoming txn, queueing new txn with hash: f85c459b825a357e3743ea714b9fa13c5af02ce7d02161793b4ab7bde83daf46 @ File: tx_pool.go  Function: github.com/ethereum/go-ethereum/core.(*TxPool).add Line: 648

2018/10/02 18:12:34 Pool beginning standard validation using local heuristics @ File: tx_pool.go  Function: github.com/ethereum/go-ethereum/core.(*TxPool).validateTx Line: 581

2018/10/02 18:12:34 Txn passed size limit of 32KB

2018/10/02 18:12:34 Txn passed non-negative check

2018/10/02 18:12:34 Txn signed properly

2018/10/02 18:12:34 Txn gas price of 1 is above our pool's acceptable gas price of 1

2018/10/02 18:12:34 Txn correctly ordered by nonce

2018/10/02 18:12:34 Sender has sufficient balance of 904625697166532776746648320380374280103671755200316906558262375061821031312 to cover txn cost of 3000000000000090000

2018/10/02 18:12:34 Txn gas used (90000) is under max intrinsic gas threshold of 21000

2018/10/02 18:12:34 New txn passed all basic standard validation heuristics @ File: tx_pool.go  Function: github.com/ethereum/go-ethereum/core.(*TxPool).add Line: 654

2018/10/02 18:12:34 Pool dropping old queued txns

2018/10/02 18:12:34 Pool dropping unpayabe txns (low balance/no gas)

2018/10/02 18:12:34 Pool promoting txns ready for execution

2018/10/02 18:12:34 Pool promoting queued txn with hash: f85c459b825a357e3743ea714b9fa13c5af02ce7d02161793b4ab7bde83daf46

2018/10/02 18:12:34 Pool found incoming txn, queueing new txn with hash: f85c459b825a357e3743ea714b9fa13c5af02ce7d02161793b4ab7bde83daf46 @ File: tx_pool.go  Function: github.com/ethereum/go-ethereum/core.(*TxPool).add Line: 648

2018/10/02 18:12:34 Pool beginning standard validation using local heuristics @ File: tx_pool.go  Function: github.com/ethereum/go-ethereum/core.(*TxPool).validateTx Line: 581

2018/10/02 18:12:34 Txn passed size limit of 32KB

2018/10/02 18:12:34 Txn passed non-negative check

2018/10/02 18:12:34 Txn signed properly

2018/10/02 18:12:34 Txn gas price of 1 is above our pool's acceptable gas price of 1

2018/10/02 18:12:34 Txn correctly ordered by nonce

2018/10/02 18:12:34 Sender has sufficient balance of 904625697166532776746648320380374280103671755200316906558262375061821031312 to cover txn cost of 3000000000000090000

2018/10/02 18:12:34 Txn gas used (90000) is under max intrinsic gas threshold of 21000

2018/10/02 18:12:34 New txn passed all basic standard validation heuristics @ File: tx_pool.go  Function: github.com/ethereum/go-ethereum/core.(*TxPool).add Line: 654

2018/10/02 18:12:34 Pool dropping old queued txns

2018/10/02 18:12:34 Pool dropping unpayabe txns (low balance/no gas)

2018/10/02 18:12:34 Pool promoting txns ready for execution

2018/10/02 18:12:34 Pool promoting queued txn with hash: f85c459b825a357e3743ea714b9fa13c5af02ce7d02161793b4ab7bde83daf46

2018/10/02 18:12:36 Worker found (1) pending txns from pool: map[[219 151 223 8 193 135 251 156 127 70 179 75 0 32 14 170 149 227 33 195]:[0xc4203183f0]] @ File: worker.go  Function: github.com/ethereum/go-ethereum/miner.(*worker).commitNewWork Line: 933

2018/10/02 18:12:36 Worker found (1) remote transactions: File: worker.go  Function: github.com/ethereum/go-ethereum/miner.(*worker).commitNewWork Line: 962 @ %!s(MISSING)

2018/10/02 18:12:36 Worker sorted remote txns by price and nonce: &{map[[219 151 223 8 193 135 251 156 127 70 179 75 0 32 14 170 149 227 33 195]:[]] [0xc4203183f0] {0xc42000c300 0xc43856d060}} @ File: worker.go  Function: github.com/ethereum/go-ethereum/miner.(*worker).commitNewWork Line: 964

2018/10/02 18:12:36 Worker has access to sufficient gas pool of 8000000

2018/10/02 18:12:36 Next txn to commit: f85c459b825a357e3743ea714b9fa13c5af02ce7d02161793b4ab7bde83daf46

2018/10/02 18:12:36 Executing txn: f85c459b825a357e3743ea714b9fa13c5af02ce7d02161793b4ab7bde83daf46

2018/10/02 18:12:36 Txn (f85c459b825a357e3743ea714b9fa13c5af02ce7d02161793b4ab7bde83daf46) executed with receipt: &{[] 1 21000 [0 0 0 0 0 0 0 0 0 0 0 0 0 0 0 0 0 0 0 0 0 0 0 0 0 0 0 0 0 0 0 0 0 0 0 0 0 0 0 0 0 0 0 0 0 0 0 0 0 0 0 0 0 0 0 0 0 0 0 0 0 0 0 0 0 0 0 0 0 0 0 0 0 0 0 0 0 0 0 0 0 0 0 0 0 0 0 0 0 0 0 0 0 0 0 0 0 0 0 0 0 0 0 0 0 0 0 0 0 0 0 0 0 0 0 0 0 0 0 0 0 0 0 0 0 0 0 0 0 0 0 0 0 0 0 0 0 0 0 0 0 0 0 0 0 0 0 0 0 0 0 0 0 0 0 0 0 0 0 0 0 0 0 0 0 0 0 0 0 0 0 0 0 0 0 0 0 0 0 0 0 0 0 0 0 0 0 0 0 0 0 0 0 0 0 0 0 0 0 0 0 0 0 0 0 0 0 0 0 0 0 0 0 0 0 0 0 0 0 0 0 0 0 0 0 0 0 0 0 0 0 0 0 0 0 0 0 0 0 0 0 0 0 0 0 0 0 0 0 0 0 0 0 0 0 0] [] [248 92 69 155 130 90 53 126 55 67 234 113 75 159 161 60 90 240 44 231 208 33 97 121 59 74 183 189 232 61 175 70] [0 0 0 0 0 0 0 0 0 0 0 0 0 0 0 0 0 0 0 0] 21000} @ File: worker.go  Function: github.com/ethereum/go-ethereum/miner.(*worker).commitTransaction Line: 709

2018/10/02 18:12:36 Worker has access to sufficient gas pool of 7979000

2018/10/02 18:12:36 Worker found no more txns

2018/10/02 18:12:36 Worker found (1) pending txns from pool: map[[219 151 223 8 193 135 251 156 127 70 179 75 0 32 14 170 149 227 33 195]:[0xc421114f30]] @ File: worker.go  Function: github.com/ethereum/go-ethereum/miner.(*worker).commitNewWork Line: 933

2018/10/02 18:12:36 Worker found (1) local transactions: File: worker.go  Function: github.com/ethereum/go-ethereum/miner.(*worker).commitNewWork Line: 953 @ %!s(MISSING)

2018/10/02 18:12:36 Worker sorted local txns by price and nonce: &{map[[219 151 223 8 193 135 251 156 127 70 179 75 0 32 14 170 149 227 33 195]:[]] [0xc421114f30] {0xc42009a4a0 0xc420606580}} @ File: worker.go  Function: github.com/ethereum/go-ethereum/miner.(*worker).commitNewWork Line: 955

2018/10/02 18:12:36 Worker has access to sufficient gas pool of 8000000

2018/10/02 18:12:36 Next txn to commit: f85c459b825a357e3743ea714b9fa13c5af02ce7d02161793b4ab7bde83daf46

2018/10/02 18:12:36 Executing txn: f85c459b825a357e3743ea714b9fa13c5af02ce7d02161793b4ab7bde83daf46

2018/10/02 18:12:36 Txn (f85c459b825a357e3743ea714b9fa13c5af02ce7d02161793b4ab7bde83daf46) executed with receipt: &{[] 1 21000 [0 0 0 0 0 0 0 0 0 0 0 0 0 0 0 0 0 0 0 0 0 0 0 0 0 0 0 0 0 0 0 0 0 0 0 0 0 0 0 0 0 0 0 0 0 0 0 0 0 0 0 0 0 0 0 0 0 0 0 0 0 0 0 0 0 0 0 0 0 0 0 0 0 0 0 0 0 0 0 0 0 0 0 0 0 0 0 0 0 0 0 0 0 0 0 0 0 0 0 0 0 0 0 0 0 0 0 0 0 0 0 0 0 0 0 0 0 0 0 0 0 0 0 0 0 0 0 0 0 0 0 0 0 0 0 0 0 0 0 0 0 0 0 0 0 0 0 0 0 0 0 0 0 0 0 0 0 0 0 0 0 0 0 0 0 0 0 0 0 0 0 0 0 0 0 0 0 0 0 0 0 0 0 0 0 0 0 0 0 0 0 0 0 0 0 0 0 0 0 0 0 0 0 0 0 0 0 0 0 0 0 0 0 0 0 0 0 0 0 0 0 0 0 0 0 0 0 0 0 0 0 0 0 0 0 0 0 0 0 0 0 0 0 0 0 0 0 0 0 0 0 0 0 0 0 0] [] [248 92 69 155 130 90 53 126 55 67 234 113 75 159 161 60 90 240 44 231 208 33 97 121 59 74 183 189 232 61 175 70] [0 0 0 0 0 0 0 0 0 0 0 0 0 0 0 0 0 0 0 0] 21000} @ File: worker.go  Function: github.com/ethereum/go-ethereum/miner.(*worker).commitTransaction Line: 709

2018/10/02 18:12:36 Worker has access to sufficient gas pool of 7979000

2018/10/02 18:12:36 Worker found no more txns

2018/10/02 18:12:41 Worker found (0) pending txns from pool: map[] @ File: worker.go  Function: github.com/ethereum/go-ethereum/miner.(*worker).commitNewWork Line: 933

2018/10/02 18:12:41 Worker found (0) pending txns from pool: map[] @ File: worker.go  Function: github.com/ethereum/go-ethereum/miner.(*worker).commitNewWork Line: 933

2018/10/02 18:12:46 Worker found (0) pending txns from pool: map[] @ File: worker.go  Function: github.com/ethereum/go-ethereum/miner.(*worker).commitNewWork Line: 933

2018/10/02 18:12:46 Worker found (0) pending txns from pool: map[] @ File: worker.go  Function: github.com/ethereum/go-ethereum/miner.(*worker).commitNewWork Line: 933

2018/10/02 18:12:51 Worker found (0) pending txns from pool: map[] @ File: worker.go  Function: github.com/ethereum/go-ethereum/miner.(*worker).commitNewWork Line: 933

2018/10/02 18:12:51 Worker found (0) pending txns from pool: map[] @ File: worker.go  Function: github.com/ethereum/go-ethereum/miner.(*worker).commitNewWork Line: 933

2018/10/02 18:12:56 Worker found (0) pending txns from pool: map[] @ File: worker.go  Function: github.com/ethereum/go-ethereum/miner.(*worker).commitNewWork Line: 933

2018/10/02 18:12:56 Worker found (0) pending txns from pool: map[] @ File: worker.go  Function: github.com/ethereum/go-ethereum/miner.(*worker).commitNewWork Line: 933

2018/10/02 18:13:01 Worker found (0) pending txns from pool: map[] @ File: worker.go  Function: github.com/ethereum/go-ethereum/miner.(*worker).commitNewWork Line: 933

2018/10/02 18:13:01 Worker found (0) pending txns from pool: map[] @ File: worker.go  Function: github.com/ethereum/go-ethereum/miner.(*worker).commitNewWork Line: 933

2018/10/02 18:13:06 Worker found (0) pending txns from pool: map[] @ File: worker.go  Function: github.com/ethereum/go-ethereum/miner.(*worker).commitNewWork Line: 933

2018/10/02 18:13:06 Worker found (0) pending txns from pool: map[] @ File: worker.go  Function: github.com/ethereum/go-ethereum/miner.(*worker).commitNewWork Line: 933

2018/10/02 18:13:11 Worker found (0) pending txns from pool: map[] @ File: worker.go  Function: github.com/ethereum/go-ethereum/miner.(*worker).commitNewWork Line: 933

2018/10/02 18:13:11 Worker found (0) pending txns from pool: map[] @ File: worker.go  Function: github.com/ethereum/go-ethereum/miner.(*worker).commitNewWork Line: 933

2018/10/02 18:13:15 Pool found incoming txn, queueing new txn with hash: aea88ed94c731972492dd7c302a6f6b6a8def24eb0c5351daaddc37426136e46 @ File: tx_pool.go  Function: github.com/ethereum/go-ethereum/core.(*TxPool).add Line: 648

2018/10/02 18:13:15 Pool beginning standard validation using local heuristics @ File: tx_pool.go  Function: github.com/ethereum/go-ethereum/core.(*TxPool).validateTx Line: 581

2018/10/02 18:13:15 Txn passed size limit of 32KB

2018/10/02 18:13:15 Txn passed non-negative check

2018/10/02 18:13:15 Txn signed properly

2018/10/02 18:13:15 Txn gas price of 1 is above our pool's acceptable gas price of 1

2018/10/02 18:13:15 Txn correctly ordered by nonce

2018/10/02 18:13:15 Sender has sufficient balance of 904625697166532776746648320380374280103671755200316906558262375061821031312 to cover txn cost of 3000000000000090000

2018/10/02 18:13:15 Txn gas used (90000) is under max intrinsic gas threshold of 21000

2018/10/02 18:13:15 New txn passed all basic standard validation heuristics @ File: tx_pool.go  Function: github.com/ethereum/go-ethereum/core.(*TxPool).add Line: 654

2018/10/02 18:13:15 Pool dropping old queued txns

2018/10/02 18:13:15 Pool dropping unpayabe txns (low balance/no gas)

2018/10/02 18:13:15 Pool promoting txns ready for execution

2018/10/02 18:13:15 Pool promoting queued txn with hash: aea88ed94c731972492dd7c302a6f6b6a8def24eb0c5351daaddc37426136e46

2018/10/02 18:13:15 Pool found incoming txn, queueing new txn with hash: aea88ed94c731972492dd7c302a6f6b6a8def24eb0c5351daaddc37426136e46 @ File: tx_pool.go  Function: github.com/ethereum/go-ethereum/core.(*TxPool).add Line: 648

2018/10/02 18:13:15 Pool beginning standard validation using local heuristics @ File: tx_pool.go  Function: github.com/ethereum/go-ethereum/core.(*TxPool).validateTx Line: 581

2018/10/02 18:13:15 Txn passed size limit of 32KB

2018/10/02 18:13:15 Txn passed non-negative check

2018/10/02 18:13:15 Txn signed properly

2018/10/02 18:13:15 Txn gas price of 1 is above our pool's acceptable gas price of 1

2018/10/02 18:13:15 Txn correctly ordered by nonce

2018/10/02 18:13:15 Sender has sufficient balance of 904625697166532776746648320380374280103671755200316906558262375061821031312 to cover txn cost of 3000000000000090000

2018/10/02 18:13:15 Txn gas used (90000) is under max intrinsic gas threshold of 21000

2018/10/02 18:13:15 New txn passed all basic standard validation heuristics @ File: tx_pool.go  Function: github.com/ethereum/go-ethereum/core.(*TxPool).add Line: 654

2018/10/02 18:13:15 Pool dropping old queued txns

2018/10/02 18:13:15 Pool dropping unpayabe txns (low balance/no gas)

2018/10/02 18:13:15 Pool promoting txns ready for execution

2018/10/02 18:13:15 Pool promoting queued txn with hash: aea88ed94c731972492dd7c302a6f6b6a8def24eb0c5351daaddc37426136e46

2018/10/02 18:13:16 Worker found (1) pending txns from pool: map[[219 151 223 8 193 135 251 156 127 70 179 75 0 32 14 170 149 227 33 195]:[0xc420318f30]] @ File: worker.go  Function: github.com/ethereum/go-ethereum/miner.(*worker).commitNewWork Line: 933

2018/10/02 18:13:16 Worker found (1) remote transactions: File: worker.go  Function: github.com/ethereum/go-ethereum/miner.(*worker).commitNewWork Line: 962 @ %!s(MISSING)

2018/10/02 18:13:16 Worker sorted remote txns by price and nonce: &{map[[219 151 223 8 193 135 251 156 127 70 179 75 0 32 14 170 149 227 33 195]:[]] [0xc420318f30] {0xc42000c300 0xc421150be0}} @ File: worker.go  Function: github.com/ethereum/go-ethereum/miner.(*worker).commitNewWork Line: 964

2018/10/02 18:13:16 Worker has access to sufficient gas pool of 8000000

2018/10/02 18:13:16 Next txn to commit: aea88ed94c731972492dd7c302a6f6b6a8def24eb0c5351daaddc37426136e46

2018/10/02 18:13:16 Executing txn: aea88ed94c731972492dd7c302a6f6b6a8def24eb0c5351daaddc37426136e46

2018/10/02 18:13:16 Txn (aea88ed94c731972492dd7c302a6f6b6a8def24eb0c5351daaddc37426136e46) executed with receipt: &{[] 1 21000 [0 0 0 0 0 0 0 0 0 0 0 0 0 0 0 0 0 0 0 0 0 0 0 0 0 0 0 0 0 0 0 0 0 0 0 0 0 0 0 0 0 0 0 0 0 0 0 0 0 0 0 0 0 0 0 0 0 0 0 0 0 0 0 0 0 0 0 0 0 0 0 0 0 0 0 0 0 0 0 0 0 0 0 0 0 0 0 0 0 0 0 0 0 0 0 0 0 0 0 0 0 0 0 0 0 0 0 0 0 0 0 0 0 0 0 0 0 0 0 0 0 0 0 0 0 0 0 0 0 0 0 0 0 0 0 0 0 0 0 0 0 0 0 0 0 0 0 0 0 0 0 0 0 0 0 0 0 0 0 0 0 0 0 0 0 0 0 0 0 0 0 0 0 0 0 0 0 0 0 0 0 0 0 0 0 0 0 0 0 0 0 0 0 0 0 0 0 0 0 0 0 0 0 0 0 0 0 0 0 0 0 0 0 0 0 0 0 0 0 0 0 0 0 0 0 0 0 0 0 0 0 0 0 0 0 0 0 0 0 0 0 0 0 0 0 0 0 0 0 0 0 0 0 0 0 0] [] [174 168 142 217 76 115 25 114 73 45 215 195 2 166 246 182 168 222 242 78 176 197 53 29 170 221 195 116 38 19 110 70] [0 0 0 0 0 0 0 0 0 0 0 0 0 0 0 0 0 0 0 0] 21000} @ File: worker.go  Function: github.com/ethereum/go-ethereum/miner.(*worker).commitTransaction Line: 709

2018/10/02 18:13:16 Worker has access to sufficient gas pool of 7979000

2018/10/02 18:13:16 Worker found no more txns

2018/10/02 18:13:16 Worker found (1) pending txns from pool: map[[219 151 223 8 193 135 251 156 127 70 179 75 0 32 14 170 149 227 33 195]:[0xc42105ed80]] @ File: worker.go  Function: github.com/ethereum/go-ethereum/miner.(*worker).commitNewWork Line: 933

2018/10/02 18:13:16 Worker found (1) local transactions: File: worker.go  Function: github.com/ethereum/go-ethereum/miner.(*worker).commitNewWork Line: 953 @ %!s(MISSING)

2018/10/02 18:13:16 Worker sorted local txns by price and nonce: &{map[[219 151 223 8 193 135 251 156 127 70 179 75 0 32 14 170 149 227 33 195]:[]] [0xc42105ed80] {0xc42009a4a0 0xc4212bc180}} @ File: worker.go  Function: github.com/ethereum/go-ethereum/miner.(*worker).commitNewWork Line: 955

2018/10/02 18:13:16 Worker has access to sufficient gas pool of 8000000

2018/10/02 18:13:16 Next txn to commit: aea88ed94c731972492dd7c302a6f6b6a8def24eb0c5351daaddc37426136e46

2018/10/02 18:13:16 Executing txn: aea88ed94c731972492dd7c302a6f6b6a8def24eb0c5351daaddc37426136e46

2018/10/02 18:13:16 Txn (aea88ed94c731972492dd7c302a6f6b6a8def24eb0c5351daaddc37426136e46) executed with receipt: &{[] 1 21000 [0 0 0 0 0 0 0 0 0 0 0 0 0 0 0 0 0 0 0 0 0 0 0 0 0 0 0 0 0 0 0 0 0 0 0 0 0 0 0 0 0 0 0 0 0 0 0 0 0 0 0 0 0 0 0 0 0 0 0 0 0 0 0 0 0 0 0 0 0 0 0 0 0 0 0 0 0 0 0 0 0 0 0 0 0 0 0 0 0 0 0 0 0 0 0 0 0 0 0 0 0 0 0 0 0 0 0 0 0 0 0 0 0 0 0 0 0 0 0 0 0 0 0 0 0 0 0 0 0 0 0 0 0 0 0 0 0 0 0 0 0 0 0 0 0 0 0 0 0 0 0 0 0 0 0 0 0 0 0 0 0 0 0 0 0 0 0 0 0 0 0 0 0 0 0 0 0 0 0 0 0 0 0 0 0 0 0 0 0 0 0 0 0 0 0 0 0 0 0 0 0 0 0 0 0 0 0 0 0 0 0 0 0 0 0 0 0 0 0 0 0 0 0 0 0 0 0 0 0 0 0 0 0 0 0 0 0 0 0 0 0 0 0 0 0 0 0 0 0 0 0 0 0 0 0 0] [] [174 168 142 217 76 115 25 114 73 45 215 195 2 166 246 182 168 222 242 78 176 197 53 29 170 221 195 116 38 19 110 70] [0 0 0 0 0 0 0 0 0 0 0 0 0 0 0 0 0 0 0 0] 21000} @ File: worker.go  Function: github.com/ethereum/go-ethereum/miner.(*worker).commitTransaction Line: 709

2018/10/02 18:13:16 Worker has access to sufficient gas pool of 7979000

2018/10/02 18:13:16 Worker found no more txns

2018/10/02 18:13:21 Worker found (0) pending txns from pool: map[] @ File: worker.go  Function: github.com/ethereum/go-ethereum/miner.(*worker).commitNewWork Line: 933

2018/10/02 18:13:21 Worker found (0) pending txns from pool: map[] @ File: worker.go  Function: github.com/ethereum/go-ethereum/miner.(*worker).commitNewWork Line: 933

2018/10/02 18:13:26 Worker found (0) pending txns from pool: map[] @ File: worker.go  Function: github.com/ethereum/go-ethereum/miner.(*worker).commitNewWork Line: 933

2018/10/02 18:13:26 Worker found (0) pending txns from pool: map[] @ File: worker.go  Function: github.com/ethereum/go-ethereum/miner.(*worker).commitNewWork Line: 933

2018/10/02 18:13:31 Worker found (0) pending txns from pool: map[] @ File: worker.go  Function: github.com/ethereum/go-ethereum/miner.(*worker).commitNewWork Line: 933

2018/10/02 18:13:31 Worker found (0) pending txns from pool: map[] @ File: worker.go  Function: github.com/ethereum/go-ethereum/miner.(*worker).commitNewWork Line: 933

2018/10/02 18:13:36 Worker found (0) pending txns from pool: map[] @ File: worker.go  Function: github.com/ethereum/go-ethereum/miner.(*worker).commitNewWork Line: 933

2018/10/02 18:13:36 Worker found (0) pending txns from pool: map[] @ File: worker.go  Function: github.com/ethereum/go-ethereum/miner.(*worker).commitNewWork Line: 933

2018/10/02 18:13:41 Worker found (0) pending txns from pool: map[] @ File: worker.go  Function: github.com/ethereum/go-ethereum/miner.(*worker).commitNewWork Line: 933

2018/10/02 18:13:41 Worker found (0) pending txns from pool: map[] @ File: worker.go  Function: github.com/ethereum/go-ethereum/miner.(*worker).commitNewWork Line: 933

2018/10/02 18:13:46 Worker found (0) pending txns from pool: map[] @ File: worker.go  Function: github.com/ethereum/go-ethereum/miner.(*worker).commitNewWork Line: 933

2018/10/02 18:13:46 Worker found (0) pending txns from pool: map[] @ File: worker.go  Function: github.com/ethereum/go-ethereum/miner.(*worker).commitNewWork Line: 933

2018/10/02 18:13:51 Worker found (0) pending txns from pool: map[] @ File: worker.go  Function: github.com/ethereum/go-ethereum/miner.(*worker).commitNewWork Line: 933

2018/10/02 18:13:51 Worker found (0) pending txns from pool: map[] @ File: worker.go  Function: github.com/ethereum/go-ethereum/miner.(*worker).commitNewWork Line: 933

2018/10/02 18:13:56 Worker found (0) pending txns from pool: map[] @ File: worker.go  Function: github.com/ethereum/go-ethereum/miner.(*worker).commitNewWork Line: 933

2018/10/02 18:13:56 Worker found (0) pending txns from pool: map[] @ File: worker.go  Function: github.com/ethereum/go-ethereum/miner.(*worker).commitNewWork Line: 933

2018/10/02 18:14:01 Worker found (0) pending txns from pool: map[] @ File: worker.go  Function: github.com/ethereum/go-ethereum/miner.(*worker).commitNewWork Line: 933

2018/10/02 18:14:01 Worker found (0) pending txns from pool: map[] @ File: worker.go  Function: github.com/ethereum/go-ethereum/miner.(*worker).commitNewWork Line: 933

2018/10/02 18:14:06 Worker found (0) pending txns from pool: map[] @ File: worker.go  Function: github.com/ethereum/go-ethereum/miner.(*worker).commitNewWork Line: 933

2018/10/02 18:14:06 Worker found (0) pending txns from pool: map[] @ File: worker.go  Function: github.com/ethereum/go-ethereum/miner.(*worker).commitNewWork Line: 933

2018/10/02 18:14:11 Worker found (0) pending txns from pool: map[] @ File: worker.go  Function: github.com/ethereum/go-ethereum/miner.(*worker).commitNewWork Line: 933

2018/10/02 18:14:11 Worker found (0) pending txns from pool: map[] @ File: worker.go  Function: github.com/ethereum/go-ethereum/miner.(*worker).commitNewWork Line: 933

2018/10/02 18:14:16 Worker found (0) pending txns from pool: map[] @ File: worker.go  Function: github.com/ethereum/go-ethereum/miner.(*worker).commitNewWork Line: 933

2018/10/02 18:14:16 Worker found (0) pending txns from pool: map[] @ File: worker.go  Function: github.com/ethereum/go-ethereum/miner.(*worker).commitNewWork Line: 933

2018/10/02 18:14:21 Worker found (0) pending txns from pool: map[] @ File: worker.go  Function: github.com/ethereum/go-ethereum/miner.(*worker).commitNewWork Line: 933

2018/10/02 18:14:21 Worker found (0) pending txns from pool: map[] @ File: worker.go  Function: github.com/ethereum/go-ethereum/miner.(*worker).commitNewWork Line: 933

2018/10/02 18:14:26 Worker found (0) pending txns from pool: map[] @ File: worker.go  Function: github.com/ethereum/go-ethereum/miner.(*worker).commitNewWork Line: 933

2018/10/02 18:14:26 Worker found (0) pending txns from pool: map[] @ File: worker.go  Function: github.com/ethereum/go-ethereum/miner.(*worker).commitNewWork Line: 933

2018/10/02 18:14:31 Worker found (0) pending txns from pool: map[] @ File: worker.go  Function: github.com/ethereum/go-ethereum/miner.(*worker).commitNewWork Line: 933

2018/10/02 18:14:31 Worker found (0) pending txns from pool: map[] @ File: worker.go  Function: github.com/ethereum/go-ethereum/miner.(*worker).commitNewWork Line: 933

2018/10/02 18:14:36 Worker found (0) pending txns from pool: map[] @ File: worker.go  Function: github.com/ethereum/go-ethereum/miner.(*worker).commitNewWork Line: 933

2018/10/02 18:14:36 Worker found (0) pending txns from pool: map[] @ File: worker.go  Function: github.com/ethereum/go-ethereum/miner.(*worker).commitNewWork Line: 933

2018/10/02 18:14:41 Worker found (0) pending txns from pool: map[] @ File: worker.go  Function: github.com/ethereum/go-ethereum/miner.(*worker).commitNewWork Line: 933

2018/10/02 18:14:41 Worker found (0) pending txns from pool: map[] @ File: worker.go  Function: github.com/ethereum/go-ethereum/miner.(*worker).commitNewWork Line: 933

2018/10/02 18:14:46 Worker found (0) pending txns from pool: map[] @ File: worker.go  Function: github.com/ethereum/go-ethereum/miner.(*worker).commitNewWork Line: 933

2018/10/02 18:14:46 Worker found (0) pending txns from pool: map[] @ File: worker.go  Function: github.com/ethereum/go-ethereum/miner.(*worker).commitNewWork Line: 933

2018/10/02 18:14:51 Worker found (0) pending txns from pool: map[] @ File: worker.go  Function: github.com/ethereum/go-ethereum/miner.(*worker).commitNewWork Line: 933

2018/10/02 18:14:51 Worker found (0) pending txns from pool: map[] @ File: worker.go  Function: github.com/ethereum/go-ethereum/miner.(*worker).commitNewWork Line: 933

2018/10/02 18:14:56 Worker found (0) pending txns from pool: map[] @ File: worker.go  Function: github.com/ethereum/go-ethereum/miner.(*worker).commitNewWork Line: 933

2018/10/02 18:14:56 Worker found (0) pending txns from pool: map[] @ File: worker.go  Function: github.com/ethereum/go-ethereum/miner.(*worker).commitNewWork Line: 933

2018/10/02 18:15:01 Worker found (0) pending txns from pool: map[] @ File: worker.go  Function: github.com/ethereum/go-ethereum/miner.(*worker).commitNewWork Line: 933

2018/10/02 18:15:01 Worker found (0) pending txns from pool: map[] @ File: worker.go  Function: github.com/ethereum/go-ethereum/miner.(*worker).commitNewWork Line: 933

2018/10/02 18:15:06 Worker found (0) pending txns from pool: map[] @ File: worker.go  Function: github.com/ethereum/go-ethereum/miner.(*worker).commitNewWork Line: 933

2018/10/02 18:15:06 Worker found (0) pending txns from pool: map[] @ File: worker.go  Function: github.com/ethereum/go-ethereum/miner.(*worker).commitNewWork Line: 933

2018/10/02 18:15:11 Worker found (0) pending txns from pool: map[] @ File: worker.go  Function: github.com/ethereum/go-ethereum/miner.(*worker).commitNewWork Line: 933

2018/10/02 18:15:11 Worker found (0) pending txns from pool: map[] @ File: worker.go  Function: github.com/ethereum/go-ethereum/miner.(*worker).commitNewWork Line: 933

2018/10/02 18:15:59 Pool found incoming txn, queueing new txn with hash: f85c459b825a357e3743ea714b9fa13c5af02ce7d02161793b4ab7bde83daf46 @ File: tx_pool.go  Function: github.com/ethereum/go-ethereum/core.(*TxPool).add Line: 648

2018/10/02 18:15:59 Pool beginning standard validation using local heuristics @ File: tx_pool.go  Function: github.com/ethereum/go-ethereum/core.(*TxPool).validateTx Line: 581

2018/10/02 18:15:59 Txn passed size limit of 32KB

2018/10/02 18:15:59 Txn passed non-negative check

2018/10/02 18:15:59 Txn signed properly

2018/10/02 18:15:59 Txn gas price of 1 is above our pool's acceptable gas price of 1

2018/10/02 18:15:59 Pool found incoming txn, queueing new txn with hash: aea88ed94c731972492dd7c302a6f6b6a8def24eb0c5351daaddc37426136e46 @ File: tx_pool.go  Function: github.com/ethereum/go-ethereum/core.(*TxPool).add Line: 648

2018/10/02 18:15:59 Pool beginning standard validation using local heuristics @ File: tx_pool.go  Function: github.com/ethereum/go-ethereum/core.(*TxPool).validateTx Line: 581

2018/10/02 18:15:59 Txn passed size limit of 32KB

2018/10/02 18:15:59 Txn passed non-negative check

2018/10/02 18:15:59 Txn signed properly

2018/10/02 18:15:59 Txn gas price of 1 is above our pool's acceptable gas price of 1

2018/10/02 18:15:59 Worker found (0) pending txns from pool: map[] @ File: worker.go  Function: github.com/ethereum/go-ethereum/miner.(*worker).commitNewWork Line: 933

2018/10/02 18:16:01 Worker found (0) pending txns from pool: map[] @ File: worker.go  Function: github.com/ethereum/go-ethereum/miner.(*worker).commitNewWork Line: 933

2018/10/02 18:16:02 Worker found (0) pending txns from pool: map[] @ File: worker.go  Function: github.com/ethereum/go-ethereum/miner.(*worker).commitNewWork Line: 933

2018/10/02 18:16:04 Worker found (0) pending txns from pool: map[] @ File: worker.go  Function: github.com/ethereum/go-ethereum/miner.(*worker).commitNewWork Line: 933

2018/10/02 18:16:04 Worker found (0) pending txns from pool: map[] @ File: worker.go  Function: github.com/ethereum/go-ethereum/miner.(*worker).commitNewWork Line: 933

2018/10/02 18:16:04 Worker found (0) pending txns from pool: map[] @ File: worker.go  Function: github.com/ethereum/go-ethereum/miner.(*worker).commitNewWork Line: 933

2018/10/02 18:16:09 Worker found (0) pending txns from pool: map[] @ File: worker.go  Function: github.com/ethereum/go-ethereum/miner.(*worker).commitNewWork Line: 933

2018/10/02 18:16:09 Worker found (0) pending txns from pool: map[] @ File: worker.go  Function: github.com/ethereum/go-ethereum/miner.(*worker).commitNewWork Line: 933

2018/10/02 18:16:14 Worker found (0) pending txns from pool: map[] @ File: worker.go  Function: github.com/ethereum/go-ethereum/miner.(*worker).commitNewWork Line: 933

2018/10/02 18:16:14 Worker found (0) pending txns from pool: map[] @ File: worker.go  Function: github.com/ethereum/go-ethereum/miner.(*worker).commitNewWork Line: 933

2018/10/02 18:16:19 Worker found (0) pending txns from pool: map[] @ File: worker.go  Function: github.com/ethereum/go-ethereum/miner.(*worker).commitNewWork Line: 933

2018/10/02 18:16:19 Worker found (0) pending txns from pool: map[] @ File: worker.go  Function: github.com/ethereum/go-ethereum/miner.(*worker).commitNewWork Line: 933

2018/10/02 18:16:24 Worker found (0) pending txns from pool: map[] @ File: worker.go  Function: github.com/ethereum/go-ethereum/miner.(*worker).commitNewWork Line: 933

2018/10/02 18:16:24 Worker found (0) pending txns from pool: map[] @ File: worker.go  Function: github.com/ethereum/go-ethereum/miner.(*worker).commitNewWork Line: 933

2018/10/02 18:16:29 Worker found (0) pending txns from pool: map[] @ File: worker.go  Function: github.com/ethereum/go-ethereum/miner.(*worker).commitNewWork Line: 933

2018/10/02 18:16:29 Worker found (0) pending txns from pool: map[] @ File: worker.go  Function: github.com/ethereum/go-ethereum/miner.(*worker).commitNewWork Line: 933

2018/10/02 18:16:34 Worker found (0) pending txns from pool: map[] @ File: worker.go  Function: github.com/ethereum/go-ethereum/miner.(*worker).commitNewWork Line: 933

2018/10/02 18:16:34 Worker found (0) pending txns from pool: map[] @ File: worker.go  Function: github.com/ethereum/go-ethereum/miner.(*worker).commitNewWork Line: 933

2018/10/02 18:16:39 Worker found (0) pending txns from pool: map[] @ File: worker.go  Function: github.com/ethereum/go-ethereum/miner.(*worker).commitNewWork Line: 933

2018/10/02 18:16:39 Worker found (0) pending txns from pool: map[] @ File: worker.go  Function: github.com/ethereum/go-ethereum/miner.(*worker).commitNewWork Line: 933

2018/10/02 18:16:44 Worker found (0) pending txns from pool: map[] @ File: worker.go  Function: github.com/ethereum/go-ethereum/miner.(*worker).commitNewWork Line: 933

2018/10/02 18:16:44 Worker found (0) pending txns from pool: map[] @ File: worker.go  Function: github.com/ethereum/go-ethereum/miner.(*worker).commitNewWork Line: 933

2018/10/02 18:16:49 Worker found (0) pending txns from pool: map[] @ File: worker.go  Function: github.com/ethereum/go-ethereum/miner.(*worker).commitNewWork Line: 933

2018/10/02 18:16:49 Worker found (0) pending txns from pool: map[] @ File: worker.go  Function: github.com/ethereum/go-ethereum/miner.(*worker).commitNewWork Line: 933

2018/10/02 18:16:54 Worker found (0) pending txns from pool: map[] @ File: worker.go  Function: github.com/ethereum/go-ethereum/miner.(*worker).commitNewWork Line: 933

2018/10/02 18:16:54 Worker found (0) pending txns from pool: map[] @ File: worker.go  Function: github.com/ethereum/go-ethereum/miner.(*worker).commitNewWork Line: 933

2018/10/02 18:16:59 Worker found (0) pending txns from pool: map[] @ File: worker.go  Function: github.com/ethereum/go-ethereum/miner.(*worker).commitNewWork Line: 933

2018/10/02 18:16:59 Worker found (0) pending txns from pool: map[] @ File: worker.go  Function: github.com/ethereum/go-ethereum/miner.(*worker).commitNewWork Line: 933

2018/10/02 18:17:04 Worker found (0) pending txns from pool: map[] @ File: worker.go  Function: github.com/ethereum/go-ethereum/miner.(*worker).commitNewWork Line: 933

2018/10/02 18:17:04 Worker found (0) pending txns from pool: map[] @ File: worker.go  Function: github.com/ethereum/go-ethereum/miner.(*worker).commitNewWork Line: 933

2018/10/02 18:17:09 Worker found (0) pending txns from pool: map[] @ File: worker.go  Function: github.com/ethereum/go-ethereum/miner.(*worker).commitNewWork Line: 933

2018/10/02 18:17:09 Worker found (0) pending txns from pool: map[] @ File: worker.go  Function: github.com/ethereum/go-ethereum/miner.(*worker).commitNewWork Line: 933

2018/10/02 18:17:14 Worker found (0) pending txns from pool: map[] @ File: worker.go  Function: github.com/ethereum/go-ethereum/miner.(*worker).commitNewWork Line: 933

2018/10/02 18:17:14 Worker found (0) pending txns from pool: map[] @ File: worker.go  Function: github.com/ethereum/go-ethereum/miner.(*worker).commitNewWork Line: 933

2018/10/02 18:17:19 Worker found (0) pending txns from pool: map[] @ File: worker.go  Function: github.com/ethereum/go-ethereum/miner.(*worker).commitNewWork Line: 933

2018/10/02 18:17:19 Worker found (0) pending txns from pool: map[] @ File: worker.go  Function: github.com/ethereum/go-ethereum/miner.(*worker).commitNewWork Line: 933

2018/10/02 18:17:24 Worker found (0) pending txns from pool: map[] @ File: worker.go  Function: github.com/ethereum/go-ethereum/miner.(*worker).commitNewWork Line: 933

2018/10/02 18:17:24 Worker found (0) pending txns from pool: map[] @ File: worker.go  Function: github.com/ethereum/go-ethereum/miner.(*worker).commitNewWork Line: 933

2018/10/02 18:17:29 Worker found (0) pending txns from pool: map[] @ File: worker.go  Function: github.com/ethereum/go-ethereum/miner.(*worker).commitNewWork Line: 933

2018/10/02 18:17:29 Worker found (0) pending txns from pool: map[] @ File: worker.go  Function: github.com/ethereum/go-ethereum/miner.(*worker).commitNewWork Line: 933

2018/10/02 18:17:34 Worker found (0) pending txns from pool: map[] @ File: worker.go  Function: github.com/ethereum/go-ethereum/miner.(*worker).commitNewWork Line: 933

2018/10/02 18:17:34 Worker found (0) pending txns from pool: map[] @ File: worker.go  Function: github.com/ethereum/go-ethereum/miner.(*worker).commitNewWork Line: 933

2018/10/02 18:17:39 Worker found (0) pending txns from pool: map[] @ File: worker.go  Function: github.com/ethereum/go-ethereum/miner.(*worker).commitNewWork Line: 933

2018/10/02 18:17:39 Worker found (0) pending txns from pool: map[] @ File: worker.go  Function: github.com/ethereum/go-ethereum/miner.(*worker).commitNewWork Line: 933

2018/10/02 18:17:44 Worker found (0) pending txns from pool: map[] @ File: worker.go  Function: github.com/ethereum/go-ethereum/miner.(*worker).commitNewWork Line: 933

2018/10/02 18:17:44 Worker found (0) pending txns from pool: map[] @ File: worker.go  Function: github.com/ethereum/go-ethereum/miner.(*worker).commitNewWork Line: 933

2018/10/02 18:17:49 Worker found (0) pending txns from pool: map[] @ File: worker.go  Function: github.com/ethereum/go-ethereum/miner.(*worker).commitNewWork Line: 933

2018/10/02 18:17:49 Worker found (0) pending txns from pool: map[] @ File: worker.go  Function: github.com/ethereum/go-ethereum/miner.(*worker).commitNewWork Line: 933

2018/10/02 18:17:54 Worker found (0) pending txns from pool: map[] @ File: worker.go  Function: github.com/ethereum/go-ethereum/miner.(*worker).commitNewWork Line: 933

2018/10/02 18:17:54 Worker found (0) pending txns from pool: map[] @ File: worker.go  Function: github.com/ethereum/go-ethereum/miner.(*worker).commitNewWork Line: 933

2018/10/02 18:17:57 Pool found incoming txn, queueing new txn with hash: 7de81a139f3b647cdc266fc034291f544c2e266ccee0e789579ce2ff1a7b0610 @ File: tx_pool.go  Function: github.com/ethereum/go-ethereum/core.(*TxPool).add Line: 648

2018/10/02 18:17:57 Pool beginning standard validation using local heuristics @ File: tx_pool.go  Function: github.com/ethereum/go-ethereum/core.(*TxPool).validateTx Line: 581

2018/10/02 18:17:57 Txn passed size limit of 32KB

2018/10/02 18:17:57 Txn passed non-negative check

2018/10/02 18:17:57 Txn signed properly

2018/10/02 18:17:57 Txn gas price of 1 is above our pool's acceptable gas price of 1

2018/10/02 18:17:57 Txn correctly ordered by nonce

2018/10/02 18:17:57 Sender has sufficient balance of 904625697166532776746648320380374280103671755200316906558262375061821031312 to cover txn cost of 3000000000000090000

2018/10/02 18:17:57 Txn gas used (90000) is under max intrinsic gas threshold of 21000

2018/10/02 18:17:57 New txn passed all basic standard validation heuristics @ File: tx_pool.go  Function: github.com/ethereum/go-ethereum/core.(*TxPool).add Line: 654

2018/10/02 18:17:57 Pool dropping old queued txns

2018/10/02 18:17:57 Pool dropping unpayabe txns (low balance/no gas)

2018/10/02 18:17:57 Pool promoting txns ready for execution

2018/10/02 18:17:57 Pool promoting queued txn with hash: 7de81a139f3b647cdc266fc034291f544c2e266ccee0e789579ce2ff1a7b0610

2018/10/02 18:17:57 Pool found incoming txn, queueing new txn with hash: 7de81a139f3b647cdc266fc034291f544c2e266ccee0e789579ce2ff1a7b0610 @ File: tx_pool.go  Function: github.com/ethereum/go-ethereum/core.(*TxPool).add Line: 648

2018/10/02 18:17:57 Pool beginning standard validation using local heuristics @ File: tx_pool.go  Function: github.com/ethereum/go-ethereum/core.(*TxPool).validateTx Line: 581

2018/10/02 18:17:57 Txn passed size limit of 32KB

2018/10/02 18:17:57 Txn passed non-negative check

2018/10/02 18:17:57 Txn signed properly

2018/10/02 18:17:57 Txn gas price of 1 is above our pool's acceptable gas price of 1

2018/10/02 18:17:57 Txn correctly ordered by nonce

2018/10/02 18:17:57 Sender has sufficient balance of 904625697166532776746648320380374280103671755200316906558262375061821031312 to cover txn cost of 3000000000000090000

2018/10/02 18:17:57 Txn gas used (90000) is under max intrinsic gas threshold of 21000

2018/10/02 18:17:57 New txn passed all basic standard validation heuristics @ File: tx_pool.go  Function: github.com/ethereum/go-ethereum/core.(*TxPool).add Line: 654

2018/10/02 18:17:57 Pool dropping old queued txns

2018/10/02 18:17:57 Pool dropping unpayabe txns (low balance/no gas)

2018/10/02 18:17:57 Pool promoting txns ready for execution

2018/10/02 18:17:57 Pool promoting queued txn with hash: 7de81a139f3b647cdc266fc034291f544c2e266ccee0e789579ce2ff1a7b0610

2018/10/02 18:17:59 Worker found (1) pending txns from pool: map[[219 151 223 8 193 135 251 156 127 70 179 75 0 32 14 170 149 227 33 195]:[0xc421aa0090]] @ File: worker.go  Function: github.com/ethereum/go-ethereum/miner.(*worker).commitNewWork Line: 933

2018/10/02 18:17:59 Worker found (1) local transactions: map[[219 151 223 8 193 135 251 156 127 70 179 75 0 32 14 170 149 227 33 195]:[0xc421aa0090]] @ File: worker.go  Function: github.com/ethereum/go-ethereum/miner.(*worker).commitNewWork Line: 953

2018/10/02 18:17:59 Worker sorted local txns by price and nonce: &{map[[219 151 223 8 193 135 251 156 127 70 179 75 0 32 14 170 149 227 33 195]:[]] [0xc421aa0090] {0xc42000c300 0xc421ace060}} @ File: worker.go  Function: github.com/ethereum/go-ethereum/miner.(*worker).commitNewWork Line: 955

2018/10/02 18:17:59 Worker has access to sufficient gas pool of 8000000

2018/10/02 18:17:59 Next txn to commit: 7de81a139f3b647cdc266fc034291f544c2e266ccee0e789579ce2ff1a7b0610

2018/10/02 18:17:59 Executing txn: 7de81a139f3b647cdc266fc034291f544c2e266ccee0e789579ce2ff1a7b0610

2018/10/02 18:17:59 Txn (7de81a139f3b647cdc266fc034291f544c2e266ccee0e789579ce2ff1a7b0610) executed with receipt: &{[] 1 21000 [0 0 0 0 0 0 0 0 0 0 0 0 0 0 0 0 0 0 0 0 0 0 0 0 0 0 0 0 0 0 0 0 0 0 0 0 0 0 0 0 0 0 0 0 0 0 0 0 0 0 0 0 0 0 0 0 0 0 0 0 0 0 0 0 0 0 0 0 0 0 0 0 0 0 0 0 0 0 0 0 0 0 0 0 0 0 0 0 0 0 0 0 0 0 0 0 0 0 0 0 0 0 0 0 0 0 0 0 0 0 0 0 0 0 0 0 0 0 0 0 0 0 0 0 0 0 0 0 0 0 0 0 0 0 0 0 0 0 0 0 0 0 0 0 0 0 0 0 0 0 0 0 0 0 0 0 0 0 0 0 0 0 0 0 0 0 0 0 0 0 0 0 0 0 0 0 0 0 0 0 0 0 0 0 0 0 0 0 0 0 0 0 0 0 0 0 0 0 0 0 0 0 0 0 0 0 0 0 0 0 0 0 0 0 0 0 0 0 0 0 0 0 0 0 0 0 0 0 0 0 0 0 0 0 0 0 0 0 0 0 0 0 0 0 0 0 0 0 0 0 0 0 0 0 0 0] [] [125 232 26 19 159 59 100 124 220 38 111 192 52 41 31 84 76 46 38 108 206 224 231 137 87 156 226 255 26 123 6 16] [0 0 0 0 0 0 0 0 0 0 0 0 0 0 0 0 0 0 0 0] 21000} @ File: worker.go  Function: github.com/ethereum/go-ethereum/miner.(*worker).commitTransaction Line: 709

2018/10/02 18:17:59 Worker has access to sufficient gas pool of 7979000

2018/10/02 18:17:59 Worker found no more txns

2018/10/02 18:17:59 Worker found (1) pending txns from pool: map[[219 151 223 8 193 135 251 156 127 70 179 75 0 32 14 170 149 227 33 195]:[0xc421724510]] @ File: worker.go  Function: github.com/ethereum/go-ethereum/miner.(*worker).commitNewWork Line: 933

2018/10/02 18:17:59 Worker found (1) remote transactions: map[[219 151 223 8 193 135 251 156 127 70 179 75 0 32 14 170 149 227 33 195]:[0xc421724510]] @ File: worker.go  Function: github.com/ethereum/go-ethereum/miner.(*worker).commitNewWork Line: 962

2018/10/02 18:17:59 Worker sorted remote txns by price and nonce: &{map[[219 151 223 8 193 135 251 156 127 70 179 75 0 32 14 170 149 227 33 195]:[]] [0xc421724510] {0xc42000c4a0 0xc42177d9e0}} @ File: worker.go  Function: github.com/ethereum/go-ethereum/miner.(*worker).commitNewWork Line: 964

2018/10/02 18:17:59 Worker has access to sufficient gas pool of 8000000

2018/10/02 18:17:59 Next txn to commit: 7de81a139f3b647cdc266fc034291f544c2e266ccee0e789579ce2ff1a7b0610

2018/10/02 18:17:59 Executing txn: 7de81a139f3b647cdc266fc034291f544c2e266ccee0e789579ce2ff1a7b0610

2018/10/02 18:17:59 Txn (7de81a139f3b647cdc266fc034291f544c2e266ccee0e789579ce2ff1a7b0610) executed with receipt: &{[] 1 21000 [0 0 0 0 0 0 0 0 0 0 0 0 0 0 0 0 0 0 0 0 0 0 0 0 0 0 0 0 0 0 0 0 0 0 0 0 0 0 0 0 0 0 0 0 0 0 0 0 0 0 0 0 0 0 0 0 0 0 0 0 0 0 0 0 0 0 0 0 0 0 0 0 0 0 0 0 0 0 0 0 0 0 0 0 0 0 0 0 0 0 0 0 0 0 0 0 0 0 0 0 0 0 0 0 0 0 0 0 0 0 0 0 0 0 0 0 0 0 0 0 0 0 0 0 0 0 0 0 0 0 0 0 0 0 0 0 0 0 0 0 0 0 0 0 0 0 0 0 0 0 0 0 0 0 0 0 0 0 0 0 0 0 0 0 0 0 0 0 0 0 0 0 0 0 0 0 0 0 0 0 0 0 0 0 0 0 0 0 0 0 0 0 0 0 0 0 0 0 0 0 0 0 0 0 0 0 0 0 0 0 0 0 0 0 0 0 0 0 0 0 0 0 0 0 0 0 0 0 0 0 0 0 0 0 0 0 0 0 0 0 0 0 0 0 0 0 0 0 0 0 0 0 0 0 0 0] [] [125 232 26 19 159 59 100 124 220 38 111 192 52 41 31 84 76 46 38 108 206 224 231 137 87 156 226 255 26 123 6 16] [0 0 0 0 0 0 0 0 0 0 0 0 0 0 0 0 0 0 0 0] 21000} @ File: worker.go  Function: github.com/ethereum/go-ethereum/miner.(*worker).commitTransaction Line: 709

2018/10/02 18:17:59 Worker has access to sufficient gas pool of 7979000

2018/10/02 18:17:59 Worker found no more txns

2018/10/02 18:18:04 Worker found (0) pending txns from pool: map[] @ File: worker.go  Function: github.com/ethereum/go-ethereum/miner.(*worker).commitNewWork Line: 933

2018/10/02 18:18:04 Worker found (0) pending txns from pool: map[] @ File: worker.go  Function: github.com/ethereum/go-ethereum/miner.(*worker).commitNewWork Line: 933

2018/10/02 18:18:09 Worker found (0) pending txns from pool: map[] @ File: worker.go  Function: github.com/ethereum/go-ethereum/miner.(*worker).commitNewWork Line: 933

2018/10/02 18:18:09 Worker found (0) pending txns from pool: map[] @ File: worker.go  Function: github.com/ethereum/go-ethereum/miner.(*worker).commitNewWork Line: 933

2018/10/02 18:18:14 Worker found (0) pending txns from pool: map[] @ File: worker.go  Function: github.com/ethereum/go-ethereum/miner.(*worker).commitNewWork Line: 933

2018/10/02 18:18:14 Worker found (0) pending txns from pool: map[] @ File: worker.go  Function: github.com/ethereum/go-ethereum/miner.(*worker).commitNewWork Line: 933

2018/10/02 18:18:19 Worker found (0) pending txns from pool: map[] @ File: worker.go  Function: github.com/ethereum/go-ethereum/miner.(*worker).commitNewWork Line: 933

2018/10/02 18:18:19 Worker found (0) pending txns from pool: map[] @ File: worker.go  Function: github.com/ethereum/go-ethereum/miner.(*worker).commitNewWork Line: 933

2018/10/02 18:18:24 Worker found (0) pending txns from pool: map[] @ File: worker.go  Function: github.com/ethereum/go-ethereum/miner.(*worker).commitNewWork Line: 933

2018/10/02 18:18:24 Worker found (0) pending txns from pool: map[] @ File: worker.go  Function: github.com/ethereum/go-ethereum/miner.(*worker).commitNewWork Line: 933

2018/10/02 18:18:29 Worker found (0) pending txns from pool: map[] @ File: worker.go  Function: github.com/ethereum/go-ethereum/miner.(*worker).commitNewWork Line: 933

2018/10/02 18:18:29 Worker found (0) pending txns from pool: map[] @ File: worker.go  Function: github.com/ethereum/go-ethereum/miner.(*worker).commitNewWork Line: 933

2018/10/02 18:18:34 Worker found (0) pending txns from pool: map[] @ File: worker.go  Function: github.com/ethereum/go-ethereum/miner.(*worker).commitNewWork Line: 933

2018/10/02 18:18:34 Worker found (0) pending txns from pool: map[] @ File: worker.go  Function: github.com/ethereum/go-ethereum/miner.(*worker).commitNewWork Line: 933

2018/10/02 18:18:39 Worker found (0) pending txns from pool: map[] @ File: worker.go  Function: github.com/ethereum/go-ethereum/miner.(*worker).commitNewWork Line: 933

2018/10/02 18:18:39 Worker found (0) pending txns from pool: map[] @ File: worker.go  Function: github.com/ethereum/go-ethereum/miner.(*worker).commitNewWork Line: 933

2018/10/02 18:18:44 Worker found (0) pending txns from pool: map[] @ File: worker.go  Function: github.com/ethereum/go-ethereum/miner.(*worker).commitNewWork Line: 933

2018/10/02 18:18:44 Worker found (0) pending txns from pool: map[] @ File: worker.go  Function: github.com/ethereum/go-ethereum/miner.(*worker).commitNewWork Line: 933

2018/10/02 18:18:49 Worker found (0) pending txns from pool: map[] @ File: worker.go  Function: github.com/ethereum/go-ethereum/miner.(*worker).commitNewWork Line: 933

2018/10/02 18:18:49 Worker found (0) pending txns from pool: map[] @ File: worker.go  Function: github.com/ethereum/go-ethereum/miner.(*worker).commitNewWork Line: 933

2018/10/02 18:18:54 Worker found (0) pending txns from pool: map[] @ File: worker.go  Function: github.com/ethereum/go-ethereum/miner.(*worker).commitNewWork Line: 933

2018/10/02 18:18:54 Worker found (0) pending txns from pool: map[] @ File: worker.go  Function: github.com/ethereum/go-ethereum/miner.(*worker).commitNewWork Line: 933

2018/10/02 18:18:59 Worker found (0) pending txns from pool: map[] @ File: worker.go  Function: github.com/ethereum/go-ethereum/miner.(*worker).commitNewWork Line: 933

2018/10/02 18:18:59 Worker found (0) pending txns from pool: map[] @ File: worker.go  Function: github.com/ethereum/go-ethereum/miner.(*worker).commitNewWork Line: 933

2018/10/02 18:19:04 Worker found (0) pending txns from pool: map[] @ File: worker.go  Function: github.com/ethereum/go-ethereum/miner.(*worker).commitNewWork Line: 933

2018/10/02 18:19:04 Worker found (0) pending txns from pool: map[] @ File: worker.go  Function: github.com/ethereum/go-ethereum/miner.(*worker).commitNewWork Line: 933

2018/10/02 18:19:09 Worker found (0) pending txns from pool: map[] @ File: worker.go  Function: github.com/ethereum/go-ethereum/miner.(*worker).commitNewWork Line: 933

2018/10/02 18:19:09 Worker found (0) pending txns from pool: map[] @ File: worker.go  Function: github.com/ethereum/go-ethereum/miner.(*worker).commitNewWork Line: 933

2018/10/02 18:19:14 Worker found (0) pending txns from pool: map[] @ File: worker.go  Function: github.com/ethereum/go-ethereum/miner.(*worker).commitNewWork Line: 933

2018/10/02 18:19:14 Worker found (0) pending txns from pool: map[] @ File: worker.go  Function: github.com/ethereum/go-ethereum/miner.(*worker).commitNewWork Line: 933

2018/10/02 18:19:19 Worker found (0) pending txns from pool: map[] @ File: worker.go  Function: github.com/ethereum/go-ethereum/miner.(*worker).commitNewWork Line: 933

2018/10/02 18:19:19 Worker found (0) pending txns from pool: map[] @ File: worker.go  Function: github.com/ethereum/go-ethereum/miner.(*worker).commitNewWork Line: 933

2018/10/02 18:19:24 Worker found (0) pending txns from pool: map[] @ File: worker.go  Function: github.com/ethereum/go-ethereum/miner.(*worker).commitNewWork Line: 933

2018/10/02 18:19:24 Worker found (0) pending txns from pool: map[] @ File: worker.go  Function: github.com/ethereum/go-ethereum/miner.(*worker).commitNewWork Line: 933

2018/10/02 18:19:29 Worker found (0) pending txns from pool: map[] @ File: worker.go  Function: github.com/ethereum/go-ethereum/miner.(*worker).commitNewWork Line: 933

2018/10/02 18:19:29 Worker found (0) pending txns from pool: map[] @ File: worker.go  Function: github.com/ethereum/go-ethereum/miner.(*worker).commitNewWork Line: 933

2018/10/02 18:19:34 Worker found (0) pending txns from pool: map[] @ File: worker.go  Function: github.com/ethereum/go-ethereum/miner.(*worker).commitNewWork Line: 933

2018/10/02 18:19:34 Worker found (0) pending txns from pool: map[] @ File: worker.go  Function: github.com/ethereum/go-ethereum/miner.(*worker).commitNewWork Line: 933

2018/10/02 18:19:39 Worker found (0) pending txns from pool: map[] @ File: worker.go  Function: github.com/ethereum/go-ethereum/miner.(*worker).commitNewWork Line: 933

2018/10/02 18:19:39 Worker found (0) pending txns from pool: map[] @ File: worker.go  Function: github.com/ethereum/go-ethereum/miner.(*worker).commitNewWork Line: 933

2018/10/02 18:19:44 Worker found (0) pending txns from pool: map[] @ File: worker.go  Function: github.com/ethereum/go-ethereum/miner.(*worker).commitNewWork Line: 933

2018/10/02 18:19:44 Worker found (0) pending txns from pool: map[] @ File: worker.go  Function: github.com/ethereum/go-ethereum/miner.(*worker).commitNewWork Line: 933

2018/10/02 18:19:49 Worker found (0) pending txns from pool: map[] @ File: worker.go  Function: github.com/ethereum/go-ethereum/miner.(*worker).commitNewWork Line: 933

2018/10/02 18:19:49 Worker found (0) pending txns from pool: map[] @ File: worker.go  Function: github.com/ethereum/go-ethereum/miner.(*worker).commitNewWork Line: 933

2018/10/02 18:19:54 Worker found (0) pending txns from pool: map[] @ File: worker.go  Function: github.com/ethereum/go-ethereum/miner.(*worker).commitNewWork Line: 933

2018/10/02 18:19:54 Worker found (0) pending txns from pool: map[] @ File: worker.go  Function: github.com/ethereum/go-ethereum/miner.(*worker).commitNewWork Line: 933

2018/10/02 18:19:59 Worker found (0) pending txns from pool: map[] @ File: worker.go  Function: github.com/ethereum/go-ethereum/miner.(*worker).commitNewWork Line: 933

2018/10/02 18:19:59 Worker found (0) pending txns from pool: map[] @ File: worker.go  Function: github.com/ethereum/go-ethereum/miner.(*worker).commitNewWork Line: 933

2018/10/02 18:20:04 Worker found (0) pending txns from pool: map[] @ File: worker.go  Function: github.com/ethereum/go-ethereum/miner.(*worker).commitNewWork Line: 933

2018/10/02 18:20:04 Worker found (0) pending txns from pool: map[] @ File: worker.go  Function: github.com/ethereum/go-ethereum/miner.(*worker).commitNewWork Line: 933

2018/10/02 18:20:09 Worker found (0) pending txns from pool: map[] @ File: worker.go  Function: github.com/ethereum/go-ethereum/miner.(*worker).commitNewWork Line: 933

2018/10/02 18:20:09 Worker found (0) pending txns from pool: map[] @ File: worker.go  Function: github.com/ethereum/go-ethereum/miner.(*worker).commitNewWork Line: 933

2018/10/02 18:20:14 Worker found (0) pending txns from pool: map[] @ File: worker.go  Function: github.com/ethereum/go-ethereum/miner.(*worker).commitNewWork Line: 933

2018/10/02 18:20:14 Worker found (0) pending txns from pool: map[] @ File: worker.go  Function: github.com/ethereum/go-ethereum/miner.(*worker).commitNewWork Line: 933

2018/10/02 18:20:19 Worker found (0) pending txns from pool: map[] @ File: worker.go  Function: github.com/ethereum/go-ethereum/miner.(*worker).commitNewWork Line: 933

2018/10/02 18:20:19 Worker found (0) pending txns from pool: map[] @ File: worker.go  Function: github.com/ethereum/go-ethereum/miner.(*worker).commitNewWork Line: 933

2018/10/02 18:20:24 Worker found (0) pending txns from pool: map[] @ File: worker.go  Function: github.com/ethereum/go-ethereum/miner.(*worker).commitNewWork Line: 933

2018/10/02 18:20:24 Worker found (0) pending txns from pool: map[] @ File: worker.go  Function: github.com/ethereum/go-ethereum/miner.(*worker).commitNewWork Line: 933

2018/10/02 18:20:29 Worker found (0) pending txns from pool: map[] @ File: worker.go  Function: github.com/ethereum/go-ethereum/miner.(*worker).commitNewWork Line: 933

2018/10/02 18:20:29 Worker found (0) pending txns from pool: map[] @ File: worker.go  Function: github.com/ethereum/go-ethereum/miner.(*worker).commitNewWork Line: 933

2018/10/02 18:20:34 Worker found (0) pending txns from pool: map[] @ File: worker.go  Function: github.com/ethereum/go-ethereum/miner.(*worker).commitNewWork Line: 933

2018/10/02 18:20:34 Worker found (0) pending txns from pool: map[] @ File: worker.go  Function: github.com/ethereum/go-ethereum/miner.(*worker).commitNewWork Line: 933

2018/10/02 18:20:39 Worker found (0) pending txns from pool: map[] @ File: worker.go  Function: github.com/ethereum/go-ethereum/miner.(*worker).commitNewWork Line: 933

2018/10/02 18:20:39 Worker found (0) pending txns from pool: map[] @ File: worker.go  Function: github.com/ethereum/go-ethereum/miner.(*worker).commitNewWork Line: 933

2018/10/02 18:20:44 Worker found (0) pending txns from pool: map[] @ File: worker.go  Function: github.com/ethereum/go-ethereum/miner.(*worker).commitNewWork Line: 933

2018/10/02 18:20:44 Worker found (0) pending txns from pool: map[] @ File: worker.go  Function: github.com/ethereum/go-ethereum/miner.(*worker).commitNewWork Line: 933

2018/10/02 18:20:49 Worker found (0) pending txns from pool: map[] @ File: worker.go  Function: github.com/ethereum/go-ethereum/miner.(*worker).commitNewWork Line: 933

2018/10/02 18:20:49 Worker found (0) pending txns from pool: map[] @ File: worker.go  Function: github.com/ethereum/go-ethereum/miner.(*worker).commitNewWork Line: 933

2018/10/02 18:20:54 Worker found (0) pending txns from pool: map[] @ File: worker.go  Function: github.com/ethereum/go-ethereum/miner.(*worker).commitNewWork Line: 933

2018/10/02 18:20:54 Worker found (0) pending txns from pool: map[] @ File: worker.go  Function: github.com/ethereum/go-ethereum/miner.(*worker).commitNewWork Line: 933

2018/10/02 18:20:59 Worker found (0) pending txns from pool: map[] @ File: worker.go  Function: github.com/ethereum/go-ethereum/miner.(*worker).commitNewWork Line: 933

2018/10/02 18:20:59 Worker found (0) pending txns from pool: map[] @ File: worker.go  Function: github.com/ethereum/go-ethereum/miner.(*worker).commitNewWork Line: 933

2018/10/02 18:21:04 Worker found (0) pending txns from pool: map[] @ File: worker.go  Function: github.com/ethereum/go-ethereum/miner.(*worker).commitNewWork Line: 933

2018/10/02 18:21:04 Worker found (0) pending txns from pool: map[] @ File: worker.go  Function: github.com/ethereum/go-ethereum/miner.(*worker).commitNewWork Line: 933

2018/10/02 18:21:09 Worker found (0) pending txns from pool: map[] @ File: worker.go  Function: github.com/ethereum/go-ethereum/miner.(*worker).commitNewWork Line: 933

2018/10/02 18:21:09 Worker found (0) pending txns from pool: map[] @ File: worker.go  Function: github.com/ethereum/go-ethereum/miner.(*worker).commitNewWork Line: 933

2018/10/02 18:21:14 Worker found (0) pending txns from pool: map[] @ File: worker.go  Function: github.com/ethereum/go-ethereum/miner.(*worker).commitNewWork Line: 933

2018/10/02 18:21:14 Worker found (0) pending txns from pool: map[] @ File: worker.go  Function: github.com/ethereum/go-ethereum/miner.(*worker).commitNewWork Line: 933

2018/10/02 18:21:19 Worker found (0) pending txns from pool: map[] @ File: worker.go  Function: github.com/ethereum/go-ethereum/miner.(*worker).commitNewWork Line: 933

2018/10/02 18:21:19 Worker found (0) pending txns from pool: map[] @ File: worker.go  Function: github.com/ethereum/go-ethereum/miner.(*worker).commitNewWork Line: 933

2018/10/02 18:21:24 Worker found (0) pending txns from pool: map[] @ File: worker.go  Function: github.com/ethereum/go-ethereum/miner.(*worker).commitNewWork Line: 933

2018/10/02 18:21:24 Worker found (0) pending txns from pool: map[] @ File: worker.go  Function: github.com/ethereum/go-ethereum/miner.(*worker).commitNewWork Line: 933

2018/10/02 18:21:29 Worker found (0) pending txns from pool: map[] @ File: worker.go  Function: github.com/ethereum/go-ethereum/miner.(*worker).commitNewWork Line: 933

2018/10/02 18:21:29 Worker found (0) pending txns from pool: map[] @ File: worker.go  Function: github.com/ethereum/go-ethereum/miner.(*worker).commitNewWork Line: 933

2018/10/02 18:21:34 Worker found (0) pending txns from pool: map[] @ File: worker.go  Function: github.com/ethereum/go-ethereum/miner.(*worker).commitNewWork Line: 933

2018/10/02 18:21:34 Worker found (0) pending txns from pool: map[] @ File: worker.go  Function: github.com/ethereum/go-ethereum/miner.(*worker).commitNewWork Line: 933

2018/10/02 18:21:39 Worker found (0) pending txns from pool: map[] @ File: worker.go  Function: github.com/ethereum/go-ethereum/miner.(*worker).commitNewWork Line: 933

2018/10/02 18:21:39 Worker found (0) pending txns from pool: map[] @ File: worker.go  Function: github.com/ethereum/go-ethereum/miner.(*worker).commitNewWork Line: 933

2018/10/02 18:21:44 Worker found (0) pending txns from pool: map[] @ File: worker.go  Function: github.com/ethereum/go-ethereum/miner.(*worker).commitNewWork Line: 933

2018/10/02 18:21:44 Worker found (0) pending txns from pool: map[] @ File: worker.go  Function: github.com/ethereum/go-ethereum/miner.(*worker).commitNewWork Line: 933

2018/10/02 18:21:49 Worker found (0) pending txns from pool: map[] @ File: worker.go  Function: github.com/ethereum/go-ethereum/miner.(*worker).commitNewWork Line: 933

2018/10/02 18:21:49 Worker found (0) pending txns from pool: map[] @ File: worker.go  Function: github.com/ethereum/go-ethereum/miner.(*worker).commitNewWork Line: 933

2018/10/02 18:21:54 Worker found (0) pending txns from pool: map[] @ File: worker.go  Function: github.com/ethereum/go-ethereum/miner.(*worker).commitNewWork Line: 933

2018/10/02 18:21:54 Worker found (0) pending txns from pool: map[] @ File: worker.go  Function: github.com/ethereum/go-ethereum/miner.(*worker).commitNewWork Line: 933

2018/10/02 18:21:59 Worker found (0) pending txns from pool: map[] @ File: worker.go  Function: github.com/ethereum/go-ethereum/miner.(*worker).commitNewWork Line: 933

2018/10/02 18:21:59 Worker found (0) pending txns from pool: map[] @ File: worker.go  Function: github.com/ethereum/go-ethereum/miner.(*worker).commitNewWork Line: 933

2018/10/02 18:22:04 Worker found (0) pending txns from pool: map[] @ File: worker.go  Function: github.com/ethereum/go-ethereum/miner.(*worker).commitNewWork Line: 933

2018/10/02 18:22:04 Worker found (0) pending txns from pool: map[] @ File: worker.go  Function: github.com/ethereum/go-ethereum/miner.(*worker).commitNewWork Line: 933

2018/10/02 18:22:09 Worker found (0) pending txns from pool: map[] @ File: worker.go  Function: github.com/ethereum/go-ethereum/miner.(*worker).commitNewWork Line: 933

2018/10/02 18:22:09 Worker found (0) pending txns from pool: map[] @ File: worker.go  Function: github.com/ethereum/go-ethereum/miner.(*worker).commitNewWork Line: 933

2018/10/02 18:22:14 Worker found (0) pending txns from pool: map[] @ File: worker.go  Function: github.com/ethereum/go-ethereum/miner.(*worker).commitNewWork Line: 933

2018/10/02 18:22:14 Worker found (0) pending txns from pool: map[] @ File: worker.go  Function: github.com/ethereum/go-ethereum/miner.(*worker).commitNewWork Line: 933

